{"/home/travis/build/npmtest/node-npmtest-html2jade/test.js":{"path":"/home/travis/build/npmtest/node-npmtest-html2jade/test.js","s":{"1":2,"2":2,"3":2,"4":2,"5":2,"6":2,"7":2,"8":1,"9":2,"10":2,"11":1,"12":1,"13":1,"14":1,"15":2,"16":2,"17":2,"18":2,"19":1,"20":1,"21":2,"22":2,"23":2,"24":1,"25":1,"26":1,"27":1,"28":1,"29":1,"30":1,"31":1,"32":1,"33":1,"34":1,"35":1,"36":1,"37":1,"38":1,"39":2,"40":2,"41":1,"42":2,"43":2,"44":1,"45":2,"46":2,"47":1,"48":2,"49":2,"50":1,"51":1,"52":1,"53":1,"54":1},"b":{"1":[2,1,1,1],"2":[1,1,1,1],"3":[1,1],"4":[1,1],"5":[1,1],"6":[1,1],"7":[1,1],"8":[1,1],"9":[1,1],"10":[1,1,1],"11":[1,1],"12":[1,1],"13":[1,1],"14":[1,1],"15":[1,1],"16":[1,1],"17":[1,1]},"f":{"1":2,"2":2,"3":2,"4":2,"5":2,"6":1,"7":1,"8":1,"9":2,"10":2,"11":2,"12":2,"13":1},"fnMap":{"1":{"name":"(anonymous_1)","line":12,"loc":{"start":{"line":12,"column":1},"end":{"line":12,"column":13}}},"2":{"name":"(anonymous_2)","line":19,"loc":{"start":{"line":19,"column":5},"end":{"line":19,"column":17}}},"3":{"name":"(anonymous_3)","line":23,"loc":{"start":{"line":23,"column":24},"end":{"line":23,"column":36}}},"4":{"name":"(anonymous_4)","line":61,"loc":{"start":{"line":61,"column":5},"end":{"line":61,"column":17}}},"5":{"name":"(anonymous_5)","line":82,"loc":{"start":{"line":82,"column":5},"end":{"line":82,"column":17}}},"6":{"name":"(anonymous_6)","line":91,"loc":{"start":{"line":91,"column":77},"end":{"line":94,"column":10}}},"7":{"name":"(anonymous_7)","line":112,"loc":{"start":{"line":112,"column":83},"end":{"line":115,"column":10}},"skip":true},"8":{"name":"(anonymous_8)","line":123,"loc":{"start":{"line":123,"column":77},"end":{"line":126,"column":10}},"skip":true},"9":{"name":"(anonymous_9)","line":139,"loc":{"start":{"line":139,"column":12},"end":{"line":139,"column":40}},"skip":true},"10":{"name":"(anonymous_10)","line":147,"loc":{"start":{"line":147,"column":77},"end":{"line":150,"column":10}},"skip":true},"11":{"name":"(anonymous_11)","line":158,"loc":{"start":{"line":158,"column":83},"end":{"line":161,"column":10}},"skip":true},"12":{"name":"(anonymous_12)","line":169,"loc":{"start":{"line":169,"column":79},"end":{"line":172,"column":10}},"skip":true},"13":{"name":"(anonymous_13)","line":180,"loc":{"start":{"line":180,"column":75},"end":{"line":183,"column":10}},"skip":true}},"statementMap":{"1":{"start":{"line":12,"column":0},"end":{"line":195,"column":5}},"2":{"start":{"line":14,"column":4},"end":{"line":14,"column":14}},"3":{"start":{"line":19,"column":4},"end":{"line":56,"column":9}},"4":{"start":{"line":21,"column":8},"end":{"line":21,"column":19}},"5":{"start":{"line":23,"column":8},"end":{"line":35,"column":13}},"6":{"start":{"line":24,"column":12},"end":{"line":34,"column":13}},"7":{"start":{"line":25,"column":16},"end":{"line":28,"column":30}},"8":{"start":{"line":30,"column":16},"end":{"line":33,"column":27}},"9":{"start":{"line":37,"column":8},"end":{"line":39,"column":21}},"10":{"start":{"line":40,"column":8},"end":{"line":53,"column":9}},"11":{"start":{"line":43,"column":12},"end":{"line":46,"column":14}},"12":{"start":{"line":47,"column":12},"end":{"line":47,"column":18}},"13":{"start":{"line":50,"column":12},"end":{"line":51,"column":46}},"14":{"start":{"line":52,"column":12},"end":{"line":52,"column":18}},"15":{"start":{"line":55,"column":8},"end":{"line":55,"column":35}},"16":{"start":{"line":61,"column":4},"end":{"line":63,"column":9}},"17":{"start":{"line":62,"column":8},"end":{"line":62,"column":15}},"18":{"start":{"line":64,"column":4},"end":{"line":77,"column":5}},"19":{"start":{"line":70,"column":8},"end":{"line":70,"column":14}},"20":{"start":{"line":76,"column":8},"end":{"line":76,"column":14}},"21":{"start":{"line":82,"column":4},"end":{"line":84,"column":9}},"22":{"start":{"line":83,"column":8},"end":{"line":83,"column":15}},"23":{"start":{"line":85,"column":4},"end":{"line":194,"column":5}},"24":{"start":{"line":91,"column":8},"end":{"line":99,"column":10}},"25":{"start":{"line":98,"column":12},"end":{"line":98,"column":35}},"26":{"start":{"line":102,"column":8},"end":{"line":104,"column":63}},"27":{"start":{"line":105,"column":8},"end":{"line":105,"column":14}},"28":{"start":{"line":112,"column":8},"end":{"line":121,"column":10},"skip":true},"29":{"start":{"line":119,"column":12},"end":{"line":119,"column":55},"skip":true},"30":{"start":{"line":120,"column":12},"end":{"line":120,"column":48},"skip":true},"31":{"start":{"line":123,"column":8},"end":{"line":136,"column":10},"skip":true},"32":{"start":{"line":130,"column":12},"end":{"line":130,"column":76},"skip":true},"33":{"start":{"line":131,"column":12},"end":{"line":131,"column":73},"skip":true},"34":{"start":{"line":132,"column":12},"end":{"line":132,"column":74},"skip":true},"35":{"start":{"line":133,"column":12},"end":{"line":133,"column":79},"skip":true},"36":{"start":{"line":134,"column":12},"end":{"line":134,"column":25},"skip":true},"37":{"start":{"line":135,"column":12},"end":{"line":135,"column":45},"skip":true},"38":{"start":{"line":138,"column":8},"end":{"line":145,"column":14},"skip":true},"39":{"start":{"line":143,"column":16},"end":{"line":143,"column":29},"skip":true},"40":{"start":{"line":144,"column":16},"end":{"line":144,"column":55},"skip":true},"41":{"start":{"line":147,"column":8},"end":{"line":156,"column":10},"skip":true},"42":{"start":{"line":154,"column":12},"end":{"line":154,"column":25},"skip":true},"43":{"start":{"line":155,"column":12},"end":{"line":155,"column":45},"skip":true},"44":{"start":{"line":158,"column":8},"end":{"line":167,"column":10},"skip":true},"45":{"start":{"line":165,"column":12},"end":{"line":165,"column":25},"skip":true},"46":{"start":{"line":166,"column":12},"end":{"line":166,"column":48},"skip":true},"47":{"start":{"line":169,"column":8},"end":{"line":178,"column":10},"skip":true},"48":{"start":{"line":176,"column":12},"end":{"line":176,"column":25},"skip":true},"49":{"start":{"line":177,"column":12},"end":{"line":177,"column":46},"skip":true},"50":{"start":{"line":180,"column":8},"end":{"line":189,"column":10},"skip":true},"51":{"start":{"line":187,"column":12},"end":{"line":187,"column":94},"skip":true},"52":{"start":{"line":188,"column":12},"end":{"line":188,"column":48},"skip":true},"53":{"start":{"line":192,"column":8},"end":{"line":192,"column":35},"skip":true},"54":{"start":{"line":193,"column":8},"end":{"line":193,"column":14},"skip":true}},"branchMap":{"1":{"line":25,"type":"binary-expr","locations":[{"start":{"line":25,"column":23},"end":{"line":25,"column":62}},{"start":{"line":26,"column":20},"end":{"line":26,"column":70}},{"start":{"line":27,"column":20},"end":{"line":27,"column":71}},{"start":{"line":28,"column":20},"end":{"line":28,"column":29}}]},"2":{"line":30,"type":"binary-expr","locations":[{"start":{"line":30,"column":23},"end":{"line":30,"column":37}},{"start":{"line":31,"column":20},"end":{"line":31,"column":61}},{"start":{"line":32,"column":20},"end":{"line":32,"column":70}},{"start":{"line":33,"column":20},"end":{"line":33,"column":26}}]},"3":{"line":37,"type":"cond-expr","locations":[{"start":{"line":38,"column":14},"end":{"line":38,"column":20}},{"start":{"line":39,"column":14},"end":{"line":39,"column":20}}]},"4":{"line":40,"type":"switch","locations":[{"start":{"line":42,"column":8},"end":{"line":47,"column":18}},{"start":{"line":49,"column":8},"end":{"line":52,"column":18}}]},"5":{"line":44,"type":"binary-expr","locations":[{"start":{"line":44,"column":16},"end":{"line":44,"column":44}},{"start":{"line":44,"column":48},"end":{"line":44,"column":66}}]},"6":{"line":50,"type":"binary-expr","locations":[{"start":{"line":50,"column":21},"end":{"line":50,"column":49}},{"start":{"line":50,"column":53},"end":{"line":50,"column":72}}]},"7":{"line":64,"type":"switch","locations":[{"start":{"line":69,"column":4},"end":{"line":70,"column":14}},{"start":{"line":75,"column":4},"end":{"line":76,"column":14}}]},"8":{"line":85,"type":"switch","locations":[{"start":{"line":90,"column":4},"end":{"line":105,"column":14}},{"start":{"line":111,"column":4},"end":{"line":193,"column":14},"skip":true}]},"9":{"line":91,"type":"binary-expr","locations":[{"start":{"line":91,"column":42},"end":{"line":91,"column":73}},{"start":{"line":91,"column":77},"end":{"line":99,"column":9}}]},"10":{"line":102,"type":"binary-expr","locations":[{"start":{"line":102,"column":18},"end":{"line":102,"column":32}},{"start":{"line":103,"column":12},"end":{"line":103,"column":53}},{"start":{"line":104,"column":12},"end":{"line":104,"column":61}}]},"11":{"line":112,"type":"binary-expr","locations":[{"start":{"line":112,"column":45},"end":{"line":112,"column":79},"skip":true},{"start":{"line":112,"column":83},"end":{"line":121,"column":9},"skip":true}]},"12":{"line":123,"type":"binary-expr","locations":[{"start":{"line":123,"column":42},"end":{"line":123,"column":73},"skip":true},{"start":{"line":123,"column":77},"end":{"line":136,"column":9},"skip":true}]},"13":{"line":138,"type":"binary-expr","locations":[{"start":{"line":138,"column":48},"end":{"line":138,"column":85},"skip":true},{"start":{"line":139,"column":12},"end":{"line":145,"column":13},"skip":true}]},"14":{"line":147,"type":"binary-expr","locations":[{"start":{"line":147,"column":42},"end":{"line":147,"column":73},"skip":true},{"start":{"line":147,"column":77},"end":{"line":156,"column":9},"skip":true}]},"15":{"line":158,"type":"binary-expr","locations":[{"start":{"line":158,"column":45},"end":{"line":158,"column":79},"skip":true},{"start":{"line":158,"column":83},"end":{"line":167,"column":9},"skip":true}]},"16":{"line":169,"type":"binary-expr","locations":[{"start":{"line":169,"column":43},"end":{"line":169,"column":75},"skip":true},{"start":{"line":169,"column":79},"end":{"line":178,"column":9},"skip":true}]},"17":{"line":180,"type":"binary-expr","locations":[{"start":{"line":180,"column":41},"end":{"line":180,"column":71},"skip":true},{"start":{"line":180,"column":75},"end":{"line":189,"column":9},"skip":true}]}},"code":["/* istanbul instrument in package npmtest_html2jade */","/*jslint","    bitwise: true,","    browser: true,","    maxerr: 8,","    maxlen: 96,","    node: true,","    nomen: true,","    regexp: true,","    stupid: true","*/","(function () {","    'use strict';","    var local;","","","","    // run shared js-env code - pre-init","    (function () {","        // init local","        local = {};","        // init modeJs","        local.modeJs = (function () {","            try {","                return typeof navigator.userAgent === 'string' &&","                    typeof document.querySelector('body') === 'object' &&","                    typeof XMLHttpRequest.prototype.open === 'function' &&","                    'browser';","            } catch (errorCaughtBrowser) {","                return module.exports &&","                    typeof process.versions.node === 'string' &&","                    typeof require('http').createServer === 'function' &&","                    'node';","            }","        }());","        // init global","        local.global = local.modeJs === 'browser'","            ? window","            : global;","        switch (local.modeJs) {","        // re-init local from window.local","        case 'browser':","            local = local.global.utility2.objectSetDefault(","                local.global.utility2_rollup || local.global.local,","                local.global.utility2","            );","            break;","        // re-init local from example.js","        case 'node':","            local = (local.global.utility2_rollup || require('utility2'))","                .requireExampleJsFromReadme();","            break;","        }","        // export local","        local.global.local = local;","    }());","","","","    // run shared js-env code - function","    (function () {","        return;","    }());","    switch (local.modeJs) {","","","","    // run browser js-env code - function","    case 'browser':","        break;","","","","    // run node js-env code - function","    case 'node':","        break;","    }","","","","    // run shared js-env code - post-init","    (function () {","        return;","    }());","    switch (local.modeJs) {","","","","    // run browser js-env code - post-init","    case 'browser':","        local.testCase_browser_nullCase = local.testCase_browser_nullCase || function (","            options,","            onError","        ) {","        /*","         * this function will test browsers's null-case handling-behavior-behavior","         */","            onError(null, options);","        };","","        // run tests","        local.nop(local.modeTest &&","            document.querySelector('#testRunButton1') &&","            document.querySelector('#testRunButton1').click());","        break;","","","","    // run node js-env code - post-init","    /* istanbul ignore next */","    case 'node':","        local.testCase_buildApidoc_default = local.testCase_buildApidoc_default || function (","            options,","            onError","        ) {","        /*","         * this function will test buildApidoc's default handling-behavior-behavior","         */","            options = { modulePathList: module.paths };","            local.buildApidoc(options, onError);","        };","","        local.testCase_buildApp_default = local.testCase_buildApp_default || function (","            options,","            onError","        ) {","        /*","         * this function will test buildApp's default handling-behavior-behavior","         */","            local.testCase_buildReadme_default(options, local.onErrorThrow);","            local.testCase_buildLib_default(options, local.onErrorThrow);","            local.testCase_buildTest_default(options, local.onErrorThrow);","            local.testCase_buildCustomOrg_default(options, local.onErrorThrow);","            options = [];","            local.buildApp(options, onError);","        };","","        local.testCase_buildCustomOrg_default = local.testCase_buildCustomOrg_default ||","            function (options, onError) {","            /*","             * this function will test buildCustomOrg's default handling-behavior","             */","                options = {};","                local.buildCustomOrg(options, onError);","            };","","        local.testCase_buildLib_default = local.testCase_buildLib_default || function (","            options,","            onError","        ) {","        /*","         * this function will test buildLib's default handling-behavior","         */","            options = {};","            local.buildLib(options, onError);","        };","","        local.testCase_buildReadme_default = local.testCase_buildReadme_default || function (","            options,","            onError","        ) {","        /*","         * this function will test buildReadme's default handling-behavior-behavior","         */","            options = {};","            local.buildReadme(options, onError);","        };","","        local.testCase_buildTest_default = local.testCase_buildTest_default || function (","            options,","            onError","        ) {","        /*","         * this function will test buildTest's default handling-behavior","         */","            options = {};","            local.buildTest(options, onError);","        };","","        local.testCase_webpage_default = local.testCase_webpage_default || function (","            options,","            onError","        ) {","        /*","         * this function will test webpage's default handling-behavior","         */","            options = { modeCoverageMerge: true, url: local.serverLocalHost + '?modeTest=1' };","            local.browserTest(options, onError);","        };","","        // run test-server","        local.testRunServer(local);","        break;","    }","}());",""],"l":{"12":2,"14":2,"19":2,"21":2,"23":2,"24":2,"25":2,"30":1,"37":2,"40":2,"43":1,"47":1,"50":1,"52":1,"55":2,"61":2,"62":2,"64":2,"70":1,"76":1,"82":2,"83":2,"85":2,"91":1,"98":1,"102":1,"105":1,"112":1,"119":1,"120":1,"123":1,"130":1,"131":1,"132":1,"133":1,"134":1,"135":1,"138":1,"143":2,"144":2,"147":1,"154":2,"155":2,"158":1,"165":2,"166":2,"169":1,"176":2,"177":2,"180":1,"187":1,"188":1,"192":1,"193":1}},"/home/travis/build/npmtest/node-npmtest-html2jade/lib.npmtest_html2jade.js":{"path":"/home/travis/build/npmtest/node-npmtest-html2jade/lib.npmtest_html2jade.js","s":{"1":2,"2":2,"3":2,"4":2,"5":2,"6":2,"7":2,"8":1,"9":2,"10":2,"11":2,"12":2,"13":1,"14":1,"15":1,"16":1},"b":{"1":[2,1,1,1],"2":[1,1,1,1],"3":[1,1],"4":[2,2],"5":[1,1]},"f":{"1":2,"2":2,"3":2},"fnMap":{"1":{"name":"(anonymous_1)","line":12,"loc":{"start":{"line":12,"column":1},"end":{"line":12,"column":13}}},"2":{"name":"(anonymous_2)","line":19,"loc":{"start":{"line":19,"column":5},"end":{"line":19,"column":17}}},"3":{"name":"(anonymous_3)","line":23,"loc":{"start":{"line":23,"column":24},"end":{"line":23,"column":36}}}},"statementMap":{"1":{"start":{"line":12,"column":0},"end":{"line":53,"column":5}},"2":{"start":{"line":14,"column":4},"end":{"line":14,"column":14}},"3":{"start":{"line":19,"column":4},"end":{"line":52,"column":9}},"4":{"start":{"line":21,"column":8},"end":{"line":21,"column":19}},"5":{"start":{"line":23,"column":8},"end":{"line":35,"column":13}},"6":{"start":{"line":24,"column":12},"end":{"line":34,"column":13}},"7":{"start":{"line":25,"column":16},"end":{"line":28,"column":30}},"8":{"start":{"line":30,"column":16},"end":{"line":33,"column":27}},"9":{"start":{"line":37,"column":8},"end":{"line":39,"column":21}},"10":{"start":{"line":41,"column":8},"end":{"line":41,"column":54}},"11":{"start":{"line":43,"column":8},"end":{"line":43,"column":54}},"12":{"start":{"line":45,"column":8},"end":{"line":51,"column":9}},"13":{"start":{"line":46,"column":12},"end":{"line":46,"column":60}},"14":{"start":{"line":48,"column":12},"end":{"line":48,"column":35}},"15":{"start":{"line":49,"column":12},"end":{"line":49,"column":49}},"16":{"start":{"line":50,"column":12},"end":{"line":50,"column":43}}},"branchMap":{"1":{"line":25,"type":"binary-expr","locations":[{"start":{"line":25,"column":23},"end":{"line":25,"column":62}},{"start":{"line":26,"column":20},"end":{"line":26,"column":70}},{"start":{"line":27,"column":20},"end":{"line":27,"column":71}},{"start":{"line":28,"column":20},"end":{"line":28,"column":29}}]},"2":{"line":30,"type":"binary-expr","locations":[{"start":{"line":30,"column":23},"end":{"line":30,"column":37}},{"start":{"line":31,"column":20},"end":{"line":31,"column":61}},{"start":{"line":32,"column":20},"end":{"line":32,"column":70}},{"start":{"line":33,"column":20},"end":{"line":33,"column":26}}]},"3":{"line":37,"type":"cond-expr","locations":[{"start":{"line":38,"column":14},"end":{"line":38,"column":20}},{"start":{"line":39,"column":14},"end":{"line":39,"column":20}}]},"4":{"line":41,"type":"binary-expr","locations":[{"start":{"line":41,"column":16},"end":{"line":41,"column":44}},{"start":{"line":41,"column":48},"end":{"line":41,"column":53}}]},"5":{"line":45,"type":"if","locations":[{"start":{"line":45,"column":8},"end":{"line":45,"column":8}},{"start":{"line":45,"column":8},"end":{"line":45,"column":8}}]}},"code":["/* istanbul instrument in package npmtest_html2jade */","/*jslint","    bitwise: true,","    browser: true,","    maxerr: 8,","    maxlen: 96,","    node: true,","    nomen: true,","    regexp: true,","    stupid: true","*/","(function () {","    'use strict';","    var local;","","","","    // run shared js-env code - pre-init","    (function () {","        // init local","        local = {};","        // init modeJs","        local.modeJs = (function () {","            try {","                return typeof navigator.userAgent === 'string' &&","                    typeof document.querySelector('body') === 'object' &&","                    typeof XMLHttpRequest.prototype.open === 'function' &&","                    'browser';","            } catch (errorCaughtBrowser) {","                return module.exports &&","                    typeof process.versions.node === 'string' &&","                    typeof require('http').createServer === 'function' &&","                    'node';","            }","        }());","        // init global","        local.global = local.modeJs === 'browser'","            ? window","            : global;","        // init utility2_rollup","        local = local.global.utility2_rollup || local;","        // init lib","        local.local = local.npmtest_html2jade = local;","        // init exports","        if (local.modeJs === 'browser') {","            local.global.utility2_npmtest_html2jade = local;","        } else {","            module.exports = local;","            module.exports.__dirname = __dirname;","            module.exports.module = module;","        }","    }());","}());",""],"l":{"12":2,"14":2,"19":2,"21":2,"23":2,"24":2,"25":2,"30":1,"37":2,"41":2,"43":2,"45":2,"46":1,"48":1,"49":1,"50":1}},"/home/travis/build/npmtest/node-npmtest-html2jade/example.js":{"path":"/home/travis/build/npmtest/node-npmtest-html2jade/example.js","s":{"1":2,"2":2,"3":2,"4":2,"5":2,"6":2,"7":2,"8":1,"9":2,"10":2,"11":2,"12":2,"13":1,"14":2,"15":2,"16":2,"17":2,"18":2,"19":0,"20":2,"21":1,"22":1,"23":1,"24":1,"25":1,"26":0,"27":0,"28":1,"29":1,"30":2,"31":0,"32":0,"33":0,"34":1,"35":2,"36":2,"37":3,"38":3,"39":3,"40":3,"41":0,"42":3,"43":3,"44":3,"45":1,"46":3,"47":1,"48":1,"49":1,"50":1,"51":1,"52":1,"53":1,"54":1,"55":1,"56":1,"57":0,"58":1,"59":6,"60":6,"61":1,"62":2,"63":0,"64":2,"65":1,"66":1,"67":0,"68":0,"69":0,"70":0,"71":0,"72":0,"73":0,"74":0,"75":0,"76":0,"77":0,"78":0,"79":0,"80":0,"81":0,"82":0,"83":0},"b":{"1":[2,1,1,1],"2":[1,1,1,1],"3":[1,1],"4":[2,2],"5":[1,1],"6":[1,1],"7":[2,0],"8":[2,1,1,1,1,1],"9":[0,2,0],"10":[1,1],"11":[2,1,1],"12":[1,0],"13":[0,2],"14":[2,0,0,0,0,0,0],"15":[0,3],"16":[3,0],"17":[1,1],"18":[0,1],"19":[1,2,0,2],"20":[1,0],"21":[1,1],"22":[0,0],"23":[0,0],"24":[0,0],"25":[0,0],"26":[0,0],"27":[0,0],"28":[0,0]},"f":{"1":2,"2":2,"3":2,"4":2,"5":2,"6":2,"7":3,"8":3,"9":3,"10":1,"11":6,"12":0},"fnMap":{"1":{"name":"(anonymous_1)","line":26,"loc":{"start":{"line":26,"column":1},"end":{"line":26,"column":13}}},"2":{"name":"(anonymous_2)","line":33,"loc":{"start":{"line":33,"column":5},"end":{"line":33,"column":17}}},"3":{"name":"(anonymous_3)","line":37,"loc":{"start":{"line":37,"column":24},"end":{"line":37,"column":36}}},"4":{"name":"(anonymous_4)","line":69,"loc":{"start":{"line":69,"column":31},"end":{"line":69,"column":48}},"skip":true},"5":{"name":"(anonymous_5)","line":78,"loc":{"start":{"line":78,"column":26},"end":{"line":78,"column":45}},"skip":true},"6":{"name":"(anonymous_6)","line":123,"loc":{"start":{"line":123,"column":33},"end":{"line":123,"column":48}},"skip":true},"7":{"name":"(anonymous_7)","line":125,"loc":{"start":{"line":125,"column":27},"end":{"line":125,"column":39}},"skip":true},"8":{"name":"(anonymous_8)","line":133,"loc":{"start":{"line":133,"column":59},"end":{"line":133,"column":74}},"skip":true},"9":{"name":"(anonymous_9)","line":143,"loc":{"start":{"line":143,"column":45},"end":{"line":143,"column":62}},"skip":true},"10":{"name":"(anonymous_10)","line":144,"loc":{"start":{"line":144,"column":73},"end":{"line":144,"column":92}},"skip":true},"11":{"name":"(anonymous_11)","line":272,"loc":{"start":{"line":272,"column":51},"end":{"line":272,"column":77}},"skip":true},"12":{"name":"(anonymous_12)","line":315,"loc":{"start":{"line":315,"column":32},"end":{"line":315,"column":61}},"skip":true}},"statementMap":{"1":{"start":{"line":26,"column":0},"end":{"line":326,"column":5}},"2":{"start":{"line":28,"column":4},"end":{"line":28,"column":14}},"3":{"start":{"line":33,"column":4},"end":{"line":60,"column":9}},"4":{"start":{"line":35,"column":8},"end":{"line":35,"column":19}},"5":{"start":{"line":37,"column":8},"end":{"line":49,"column":13}},"6":{"start":{"line":38,"column":12},"end":{"line":48,"column":13}},"7":{"start":{"line":39,"column":16},"end":{"line":42,"column":30}},"8":{"start":{"line":44,"column":16},"end":{"line":47,"column":27}},"9":{"start":{"line":51,"column":8},"end":{"line":53,"column":21}},"10":{"start":{"line":55,"column":8},"end":{"line":57,"column":45}},"11":{"start":{"line":59,"column":8},"end":{"line":59,"column":35}},"12":{"start":{"line":61,"column":4},"end":{"line":325,"column":5}},"13":{"start":{"line":69,"column":8},"end":{"line":121,"column":10},"skip":true},"14":{"start":{"line":70,"column":12},"end":{"line":88,"column":13},"skip":true},"15":{"start":{"line":76,"column":16},"end":{"line":87,"column":19},"skip":true},"16":{"start":{"line":79,"column":20},"end":{"line":86,"column":21},"skip":true},"17":{"start":{"line":82,"column":24},"end":{"line":82,"column":43},"skip":true},"18":{"start":{"line":83,"column":24},"end":{"line":83,"column":30},"skip":true},"19":{"start":{"line":85,"column":24},"end":{"line":85,"column":49},"skip":true},"20":{"start":{"line":89,"column":12},"end":{"line":107,"column":13},"skip":true},"21":{"start":{"line":92,"column":16},"end":{"line":102,"column":17},"skip":true},"22":{"start":{"line":93,"column":20},"end":{"line":93,"column":86},"skip":true},"23":{"start":{"line":94,"column":20},"end":{"line":95,"column":45},"skip":true},"24":{"start":{"line":96,"column":20},"end":{"line":96,"column":42},"skip":true},"25":{"start":{"line":97,"column":20},"end":{"line":97,"column":48},"skip":true},"26":{"start":{"line":100,"column":20},"end":{"line":100,"column":85},"skip":true},"27":{"start":{"line":101,"column":20},"end":{"line":101,"column":96},"skip":true},"28":{"start":{"line":103,"column":16},"end":{"line":103,"column":22},"skip":true},"29":{"start":{"line":106,"column":16},"end":{"line":106,"column":22},"skip":true},"30":{"start":{"line":108,"column":12},"end":{"line":120,"column":13},"skip":true},"31":{"start":{"line":114,"column":16},"end":{"line":119,"column":17},"skip":true},"32":{"start":{"line":116,"column":20},"end":{"line":116,"column":78},"skip":true},"33":{"start":{"line":118,"column":20},"end":{"line":118,"column":47},"skip":true},"34":{"start":{"line":123,"column":8},"end":{"line":141,"column":11},"skip":true},"35":{"start":{"line":124,"column":12},"end":{"line":124,"column":54},"skip":true},"36":{"start":{"line":125,"column":12},"end":{"line":140,"column":14},"skip":true},"37":{"start":{"line":126,"column":16},"end":{"line":126,"column":28},"skip":true},"38":{"start":{"line":127,"column":16},"end":{"line":127,"column":69},"skip":true},"39":{"start":{"line":128,"column":16},"end":{"line":128,"column":75},"skip":true},"40":{"start":{"line":129,"column":16},"end":{"line":131,"column":17},"skip":true},"41":{"start":{"line":130,"column":20},"end":{"line":130,"column":27},"skip":true},"42":{"start":{"line":133,"column":16},"end":{"line":137,"column":36},"skip":true},"43":{"start":{"line":134,"column":20},"end":{"line":136,"column":55},"skip":true},"44":{"start":{"line":139,"column":16},"end":{"line":139,"column":57},"skip":true},"45":{"start":{"line":143,"column":8},"end":{"line":147,"column":11},"skip":true},"46":{"start":{"line":144,"column":12},"end":{"line":146,"column":15},"skip":true},"47":{"start":{"line":145,"column":16},"end":{"line":145,"column":70},"skip":true},"48":{"start":{"line":149,"column":8},"end":{"line":149,"column":31},"skip":true},"49":{"start":{"line":150,"column":8},"end":{"line":150,"column":14},"skip":true},"50":{"start":{"line":158,"column":8},"end":{"line":158,"column":31},"skip":true},"51":{"start":{"line":160,"column":8},"end":{"line":160,"column":33},"skip":true},"52":{"start":{"line":161,"column":8},"end":{"line":161,"column":37},"skip":true},"53":{"start":{"line":162,"column":8},"end":{"line":162,"column":35},"skip":true},"54":{"start":{"line":164,"column":8},"end":{"line":164,"column":50},"skip":true},"55":{"start":{"line":166,"column":8},"end":{"line":256,"column":2},"skip":true},"56":{"start":{"line":258,"column":8},"end":{"line":286,"column":9},"skip":true},"57":{"start":{"line":259,"column":12},"end":{"line":269,"column":14},"skip":true},"58":{"start":{"line":271,"column":12},"end":{"line":285,"column":19},"skip":true},"59":{"start":{"line":274,"column":20},"end":{"line":274,"column":35},"skip":true},"60":{"start":{"line":275,"column":20},"end":{"line":284,"column":21},"skip":true},"61":{"start":{"line":277,"column":24},"end":{"line":277,"column":64},"skip":true},"62":{"start":{"line":279,"column":24},"end":{"line":279,"column":40},"skip":true},"63":{"start":{"line":281,"column":24},"end":{"line":281,"column":40},"skip":true},"64":{"start":{"line":283,"column":24},"end":{"line":283,"column":39},"skip":true},"65":{"start":{"line":288,"column":8},"end":{"line":290,"column":9},"skip":true},"66":{"start":{"line":289,"column":12},"end":{"line":289,"column":18},"skip":true},"67":{"start":{"line":291,"column":8},"end":{"line":293,"column":54},"skip":true},"68":{"start":{"line":296,"column":8},"end":{"line":301,"column":37},"skip":true},"69":{"start":{"line":303,"column":8},"end":{"line":303,"column":82},"skip":true},"70":{"start":{"line":306,"column":8},"end":{"line":308,"column":9},"skip":true},"71":{"start":{"line":307,"column":12},"end":{"line":307,"column":82},"skip":true},"72":{"start":{"line":310,"column":8},"end":{"line":312,"column":9},"skip":true},"73":{"start":{"line":311,"column":12},"end":{"line":311,"column":18},"skip":true},"74":{"start":{"line":313,"column":8},"end":{"line":313,"column":54},"skip":true},"75":{"start":{"line":314,"column":8},"end":{"line":314,"column":69},"skip":true},"76":{"start":{"line":315,"column":8},"end":{"line":323,"column":36},"skip":true},"77":{"start":{"line":316,"column":12},"end":{"line":316,"column":61},"skip":true},"78":{"start":{"line":317,"column":12},"end":{"line":320,"column":13},"skip":true},"79":{"start":{"line":318,"column":16},"end":{"line":318,"column":75},"skip":true},"80":{"start":{"line":319,"column":16},"end":{"line":319,"column":23},"skip":true},"81":{"start":{"line":321,"column":12},"end":{"line":321,"column":38},"skip":true},"82":{"start":{"line":322,"column":12},"end":{"line":322,"column":27},"skip":true},"83":{"start":{"line":324,"column":8},"end":{"line":324,"column":14},"skip":true}},"branchMap":{"1":{"line":39,"type":"binary-expr","locations":[{"start":{"line":39,"column":23},"end":{"line":39,"column":62}},{"start":{"line":40,"column":20},"end":{"line":40,"column":70}},{"start":{"line":41,"column":20},"end":{"line":41,"column":71}},{"start":{"line":42,"column":20},"end":{"line":42,"column":29}}]},"2":{"line":44,"type":"binary-expr","locations":[{"start":{"line":44,"column":23},"end":{"line":44,"column":37}},{"start":{"line":45,"column":20},"end":{"line":45,"column":61}},{"start":{"line":46,"column":20},"end":{"line":46,"column":70}},{"start":{"line":47,"column":20},"end":{"line":47,"column":26}}]},"3":{"line":51,"type":"cond-expr","locations":[{"start":{"line":52,"column":14},"end":{"line":52,"column":20}},{"start":{"line":53,"column":14},"end":{"line":53,"column":20}}]},"4":{"line":55,"type":"binary-expr","locations":[{"start":{"line":55,"column":16},"end":{"line":55,"column":44}},{"start":{"line":55,"column":49},"end":{"line":57,"column":43}}]},"5":{"line":55,"type":"cond-expr","locations":[{"start":{"line":56,"column":14},"end":{"line":56,"column":53}},{"start":{"line":57,"column":14},"end":{"line":57,"column":43}}]},"6":{"line":61,"type":"switch","locations":[{"start":{"line":68,"column":4},"end":{"line":150,"column":14},"skip":true},{"start":{"line":156,"column":4},"end":{"line":324,"column":14},"skip":true}]},"7":{"line":70,"type":"if","locations":[{"start":{"line":70,"column":12},"end":{"line":70,"column":12},"skip":true},{"start":{"line":70,"column":12},"end":{"line":70,"column":12},"skip":true}]},"8":{"line":70,"type":"binary-expr","locations":[{"start":{"line":70,"column":16},"end":{"line":70,"column":22},"skip":true},{"start":{"line":70,"column":27},"end":{"line":70,"column":32},"skip":true},{"start":{"line":71,"column":20},"end":{"line":71,"column":39},"skip":true},{"start":{"line":72,"column":20},"end":{"line":72,"column":49},"skip":true},{"start":{"line":73,"column":20},"end":{"line":73,"column":58},"skip":true},{"start":{"line":74,"column":20},"end":{"line":74,"column":69},"skip":true}]},"9":{"line":79,"type":"switch","locations":[{"start":{"line":80,"column":20},"end":{"line":80,"column":33},"skip":true},{"start":{"line":81,"column":20},"end":{"line":83,"column":30},"skip":true},{"start":{"line":84,"column":20},"end":{"line":85,"column":49},"skip":true}]},"10":{"line":89,"type":"switch","locations":[{"start":{"line":90,"column":12},"end":{"line":103,"column":22},"skip":true},{"start":{"line":105,"column":12},"end":{"line":106,"column":22},"skip":true}]},"11":{"line":89,"type":"binary-expr","locations":[{"start":{"line":89,"column":20},"end":{"line":89,"column":25},"skip":true},{"start":{"line":89,"column":29},"end":{"line":89,"column":48},"skip":true},{"start":{"line":89,"column":52},"end":{"line":89,"column":74},"skip":true}]},"12":{"line":92,"type":"if","locations":[{"start":{"line":92,"column":16},"end":{"line":92,"column":16},"skip":true},{"start":{"line":92,"column":16},"end":{"line":92,"column":16},"skip":true}]},"13":{"line":108,"type":"if","locations":[{"start":{"line":108,"column":12},"end":{"line":108,"column":12},"skip":true},{"start":{"line":108,"column":12},"end":{"line":108,"column":12},"skip":true}]},"14":{"line":108,"type":"binary-expr","locations":[{"start":{"line":108,"column":16},"end":{"line":108,"column":61},"skip":true},{"start":{"line":108,"column":66},"end":{"line":108,"column":72},"skip":true},{"start":{"line":108,"column":77},"end":{"line":108,"column":82},"skip":true},{"start":{"line":109,"column":20},"end":{"line":109,"column":39},"skip":true},{"start":{"line":110,"column":20},"end":{"line":110,"column":49},"skip":true},{"start":{"line":111,"column":20},"end":{"line":111,"column":58},"skip":true},{"start":{"line":112,"column":20},"end":{"line":112,"column":68},"skip":true}]},"15":{"line":129,"type":"if","locations":[{"start":{"line":129,"column":16},"end":{"line":129,"column":16},"skip":true},{"start":{"line":129,"column":16},"end":{"line":129,"column":16},"skip":true}]},"16":{"line":134,"type":"cond-expr","locations":[{"start":{"line":135,"column":26},"end":{"line":135,"column":29},"skip":true},{"start":{"line":136,"column":26},"end":{"line":136,"column":54},"skip":true}]},"17":{"line":164,"type":"binary-expr","locations":[{"start":{"line":164,"column":27},"end":{"line":164,"column":43},"skip":true},{"start":{"line":164,"column":47},"end":{"line":164,"column":49},"skip":true}]},"18":{"line":258,"type":"if","locations":[{"start":{"line":258,"column":8},"end":{"line":258,"column":8},"skip":true},{"start":{"line":258,"column":8},"end":{"line":258,"column":8},"skip":true}]},"19":{"line":275,"type":"switch","locations":[{"start":{"line":276,"column":20},"end":{"line":277,"column":64},"skip":true},{"start":{"line":278,"column":20},"end":{"line":279,"column":40},"skip":true},{"start":{"line":280,"column":20},"end":{"line":281,"column":40},"skip":true},{"start":{"line":282,"column":20},"end":{"line":283,"column":39},"skip":true}]},"20":{"line":288,"type":"if","locations":[{"start":{"line":288,"column":8},"end":{"line":288,"column":8},"skip":true},{"start":{"line":288,"column":8},"end":{"line":288,"column":8},"skip":true}]},"21":{"line":288,"type":"binary-expr","locations":[{"start":{"line":288,"column":12},"end":{"line":288,"column":40},"skip":true},{"start":{"line":288,"column":44},"end":{"line":288,"column":67},"skip":true}]},"22":{"line":292,"type":"binary-expr","locations":[{"start":{"line":292,"column":12},"end":{"line":292,"column":50},"skip":true},{"start":{"line":293,"column":12},"end":{"line":293,"column":53},"skip":true}]},"23":{"line":297,"type":"binary-expr","locations":[{"start":{"line":297,"column":12},"end":{"line":297,"column":67},"skip":true},{"start":{"line":298,"column":12},"end":{"line":301,"column":36},"skip":true}]},"24":{"line":303,"type":"binary-expr","locations":[{"start":{"line":303,"column":43},"end":{"line":303,"column":75},"skip":true},{"start":{"line":303,"column":79},"end":{"line":303,"column":81},"skip":true}]},"25":{"line":306,"type":"if","locations":[{"start":{"line":306,"column":8},"end":{"line":306,"column":8},"skip":true},{"start":{"line":306,"column":8},"end":{"line":306,"column":8},"skip":true}]},"26":{"line":310,"type":"if","locations":[{"start":{"line":310,"column":8},"end":{"line":310,"column":8},"skip":true},{"start":{"line":310,"column":8},"end":{"line":310,"column":8},"skip":true}]},"27":{"line":313,"type":"binary-expr","locations":[{"start":{"line":313,"column":27},"end":{"line":313,"column":43},"skip":true},{"start":{"line":313,"column":47},"end":{"line":313,"column":53},"skip":true}]},"28":{"line":317,"type":"if","locations":[{"start":{"line":317,"column":12},"end":{"line":317,"column":12},"skip":true},{"start":{"line":317,"column":12},"end":{"line":317,"column":12},"skip":true}]}},"code":["/*","example.js","","quickstart example","","instruction","    1. save this script as example.js","    2. run the shell command:","        $ npm install npmtest-html2jade && PORT=8081 node example.js","    3. play with the browser-demo on http://127.0.0.1:8081","*/","","","","/* istanbul instrument in package npmtest_html2jade */","/*jslint","    bitwise: true,","    browser: true,","    maxerr: 8,","    maxlen: 96,","    node: true,","    nomen: true,","    regexp: true,","    stupid: true","*/","(function () {","    'use strict';","    var local;","","","","    // run shared js-env code - pre-init","    (function () {","        // init local","        local = {};","        // init modeJs","        local.modeJs = (function () {","            try {","                return typeof navigator.userAgent === 'string' &&","                    typeof document.querySelector('body') === 'object' &&","                    typeof XMLHttpRequest.prototype.open === 'function' &&","                    'browser';","            } catch (errorCaughtBrowser) {","                return module.exports &&","                    typeof process.versions.node === 'string' &&","                    typeof require('http').createServer === 'function' &&","                    'node';","            }","        }());","        // init global","        local.global = local.modeJs === 'browser'","            ? window","            : global;","        // init utility2_rollup","        local = local.global.utility2_rollup || (local.modeJs === 'browser'","            ? local.global.utility2_npmtest_html2jade","            : global.utility2_moduleExports);","        // export local","        local.global.local = local;","    }());","    switch (local.modeJs) {","","","","    // post-init","    // run browser js-env code - post-init","    /* istanbul ignore next */","    case 'browser':","        local.testRunBrowser = function (event) {","            if (!event || (event &&","                    event.currentTarget &&","                    event.currentTarget.className &&","                    event.currentTarget.className.includes &&","                    event.currentTarget.className.includes('onreset'))) {","                // reset output","                Array.from(","                    document.querySelectorAll('body > .resettable')","                ).forEach(function (element) {","                    switch (element.tagName) {","                    case 'INPUT':","                    case 'TEXTAREA':","                        element.value = '';","                        break;","                    default:","                        element.textContent = '';","                    }","                });","            }","            switch (event && event.currentTarget && event.currentTarget.id) {","            case 'testRunButton1':","                // show tests","                if (document.querySelector('#testReportDiv1').style.display === 'none') {","                    document.querySelector('#testReportDiv1').style.display = 'block';","                    document.querySelector('#testRunButton1').textContent =","                        'hide internal test';","                    local.modeTest = true;","                    local.testRunDefault(local);","                // hide tests","                } else {","                    document.querySelector('#testReportDiv1').style.display = 'none';","                    document.querySelector('#testRunButton1').textContent = 'run internal test';","                }","                break;","            // custom-case","            default:","                break;","            }","            if (document.querySelector('#inputTextareaEval1') && (!event || (event &&","                    event.currentTarget &&","                    event.currentTarget.className &&","                    event.currentTarget.className.includes &&","                    event.currentTarget.className.includes('oneval')))) {","                // try to eval input-code","                try {","                    /*jslint evil: true*/","                    eval(document.querySelector('#inputTextareaEval1').value);","                } catch (errorCaught) {","                    console.error(errorCaught);","                }","            }","        };","        // log stderr and stdout to #outputTextareaStdout1","        ['error', 'log'].forEach(function (key) {","            console[key + '_original'] = console[key];","            console[key] = function () {","                var element;","                console[key + '_original'].apply(console, arguments);","                element = document.querySelector('#outputTextareaStdout1');","                if (!element) {","                    return;","                }","                // append text to #outputTextareaStdout1","                element.value += Array.from(arguments).map(function (arg) {","                    return typeof arg === 'string'","                        ? arg","                        : JSON.stringify(arg, null, 4);","                }).join(' ') + '\\n';","                // scroll textarea to bottom","                element.scrollTop = element.scrollHeight;","            };","        });","        // init event-handling","        ['change', 'click', 'keyup'].forEach(function (event) {","            Array.from(document.querySelectorAll('.on' + event)).forEach(function (element) {","                element.addEventListener(event, local.testRunBrowser);","            });","        });","        // run tests","        local.testRunBrowser();","        break;","","","","    // run node js-env code - post-init","    /* istanbul ignore next */","    case 'node':","        // export local","        module.exports = local;","        // require modules","        local.fs = require('fs');","        local.http = require('http');","        local.url = require('url');","        // init assets","        local.assetsDict = local.assetsDict || {};","        /* jslint-ignore-begin */","        local.assetsDict['/assets.index.template.html'] = '\\","<!doctype html>\\n\\","<html lang=\"en\">\\n\\","<head>\\n\\","<meta charset=\"UTF-8\">\\n\\","<meta name=\"viewport\" content=\"width=device-width, initial-scale=1\">\\n\\","<title>{{env.npm_package_name}} (v{{env.npm_package_version}})</title>\\n\\","<style>\\n\\","/*csslint\\n\\","    box-sizing: false,\\n\\","    universal-selector: false\\n\\","*/\\n\\","* {\\n\\","    box-sizing: border-box;\\n\\","}\\n\\","body {\\n\\","    background: #dde;\\n\\","    font-family: Arial, Helvetica, sans-serif;\\n\\","    margin: 2rem;\\n\\","}\\n\\","body > * {\\n\\","    margin-bottom: 1rem;\\n\\","}\\n\\",".utility2FooterDiv {\\n\\","    margin-top: 20px;\\n\\","    text-align: center;\\n\\","}\\n\\","</style>\\n\\","<style>\\n\\","/*csslint\\n\\","*/\\n\\","textarea {\\n\\","    font-family: monospace;\\n\\","    height: 10rem;\\n\\","    width: 100%;\\n\\","}\\n\\","textarea[readonly] {\\n\\","    background: #ddd;\\n\\","}\\n\\","</style>\\n\\","</head>\\n\\","<body>\\n\\","<!-- utility2-comment\\n\\","<div id=\"ajaxProgressDiv1\" style=\"background: #d00; height: 2px; left: 0; margin: 0; padding: 0; position: fixed; top: 0; transition: background 0.5s, width 1.5s; width: 25%;\"></div>\\n\\","utility2-comment -->\\n\\","<h1>\\n\\","<!-- utility2-comment\\n\\","    <a\\n\\","        {{#if env.npm_package_homepage}}\\n\\","        href=\"{{env.npm_package_homepage}}\"\\n\\","        {{/if env.npm_package_homepage}}\\n\\","        target=\"_blank\"\\n\\","    >\\n\\","utility2-comment -->\\n\\","        {{env.npm_package_name}} (v{{env.npm_package_version}})\\n\\","<!-- utility2-comment\\n\\","    </a>\\n\\","utility2-comment -->\\n\\","</h1>\\n\\","<h3>{{env.npm_package_description}}</h3>\\n\\","<!-- utility2-comment\\n\\","<h4><a download href=\"assets.app.js\">download standalone app</a></h4>\\n\\","<button class=\"onclick onreset\" id=\"testRunButton1\">run internal test</button><br>\\n\\","<div id=\"testReportDiv1\" style=\"display: none;\"></div>\\n\\","utility2-comment -->\\n\\","\\n\\","\\n\\","\\n\\","<label>stderr and stdout</label>\\n\\","<textarea class=\"resettable\" id=\"outputTextareaStdout1\" readonly></textarea>\\n\\","<!-- utility2-comment\\n\\","{{#if isRollup}}\\n\\","<script src=\"assets.app.js\"></script>\\n\\","{{#unless isRollup}}\\n\\","utility2-comment -->\\n\\","<script src=\"assets.utility2.rollup.js\"></script>\\n\\","<script src=\"jsonp.utility2._stateInit?callback=window.utility2._stateInit\"></script>\\n\\","<script src=\"assets.npmtest_html2jade.rollup.js\"></script>\\n\\","<script src=\"assets.example.js\"></script>\\n\\","<script src=\"assets.test.js\"></script>\\n\\","<!-- utility2-comment\\n\\","{{/if isRollup}}\\n\\","utility2-comment -->\\n\\","<div class=\"utility2FooterDiv\">\\n\\","    [ this app was created with\\n\\","    <a href=\"https://github.com/kaizhu256/node-utility2\" target=\"_blank\">utility2</a>\\n\\","    ]\\n\\","</div>\\n\\","</body>\\n\\","</html>\\n\\","';","        /* jslint-ignore-end */","        if (local.templateRender) {","            local.assetsDict['/'] = local.templateRender(","                local.assetsDict['/assets.index.template.html'],","                {","                    env: local.objectSetDefault(local.env, {","                        npm_package_description: 'the greatest app in the world!',","                        npm_package_name: 'my-app',","                        npm_package_nameAlias: 'my_app',","                        npm_package_version: '0.0.1'","                    })","                }","            );","        } else {","            local.assetsDict['/'] = local.assetsDict['/assets.index.template.html']","                .replace((/\\{\\{env\\.(\\w+?)\\}\\}/g), function (match0, match1) {","                    // jslint-hack","                    String(match0);","                    switch (match1) {","                    case 'npm_package_description':","                        return 'the greatest app in the world!';","                    case 'npm_package_name':","                        return 'my-app';","                    case 'npm_package_nameAlias':","                        return 'my_app';","                    case 'npm_package_version':","                        return '0.0.1';","                    }","                });","        }","        // run the cli","        if (local.global.utility2_rollup || module !== require.main) {","            break;","        }","        local.assetsDict['/assets.example.js'] =","            local.assetsDict['/assets.example.js'] ||","            local.fs.readFileSync(__filename, 'utf8');","        // bug-workaround - long $npm_package_buildCustomOrg","        /* jslint-ignore-begin */","        local.assetsDict['/assets.npmtest_html2jade.rollup.js'] =","            local.assetsDict['/assets.npmtest_html2jade.rollup.js'] ||","            local.fs.readFileSync(","                local.npmtest_html2jade.__dirname + '/lib.npmtest_html2jade.js',","                'utf8'","            ).replace((/^#!/), '//');","        /* jslint-ignore-end */","        local.assetsDict['/favicon.ico'] = local.assetsDict['/favicon.ico'] || '';","        // if $npm_config_timeout_exit exists,","        // then exit this process after $npm_config_timeout_exit ms","        if (Number(process.env.npm_config_timeout_exit)) {","            setTimeout(process.exit, Number(process.env.npm_config_timeout_exit));","        }","        // start server","        if (local.global.utility2_serverHttp1) {","            break;","        }","        process.env.PORT = process.env.PORT || '8081';","        console.error('server starting on port ' + process.env.PORT);","        local.http.createServer(function (request, response) {","            request.urlParsed = local.url.parse(request.url);","            if (local.assetsDict[request.urlParsed.pathname] !== undefined) {","                response.end(local.assetsDict[request.urlParsed.pathname]);","                return;","            }","            response.statusCode = 404;","            response.end();","        }).listen(process.env.PORT);","        break;","    }","}());",""],"l":{"26":2,"28":2,"33":2,"35":2,"37":2,"38":2,"39":2,"44":1,"51":2,"55":2,"59":2,"61":2,"69":1,"70":2,"76":2,"79":2,"82":2,"83":2,"85":1,"89":2,"92":1,"93":1,"94":1,"96":1,"97":1,"100":1,"101":1,"103":1,"106":1,"108":2,"114":1,"116":1,"118":1,"123":1,"124":2,"125":2,"126":3,"127":3,"128":3,"129":3,"130":1,"133":3,"134":3,"139":3,"143":1,"144":3,"145":1,"149":1,"150":1,"158":1,"160":1,"161":1,"162":1,"164":1,"166":1,"258":1,"259":1,"271":1,"274":6,"275":6,"277":1,"279":2,"281":1,"283":2,"288":1,"289":1,"291":1,"296":1,"303":1,"306":1,"307":1,"310":1,"311":1,"313":1,"314":1,"315":1,"316":1,"317":1,"318":1,"319":1,"321":1,"322":1,"324":1}},"/home/travis/build/npmtest/node-npmtest-html2jade/node_modules/html2jade/lib/html2jade.js":{"path":"/home/travis/build/npmtest/node-npmtest-html2jade/node_modules/html2jade/lib/html2jade.js","s":{"1":1,"2":1,"3":2,"4":0,"5":0,"6":1,"7":2,"8":2,"9":2,"10":2,"11":2,"12":1,"13":1,"14":1,"15":1,"16":1,"17":1,"18":1,"19":1,"20":0,"21":0,"22":1,"23":1,"24":1,"25":1,"26":1,"27":1,"28":1,"29":1,"30":0,"31":0,"32":0,"33":1,"34":0,"35":0,"36":0,"37":0,"38":0,"39":0,"40":0,"41":0,"42":0,"43":0,"44":0,"45":1,"46":1,"47":0,"48":0,"49":1,"50":0,"51":0,"52":1,"53":1,"54":0,"55":0,"56":0,"57":0,"58":0,"59":0,"60":0,"61":0,"62":0,"63":0,"64":0,"65":0,"66":0,"67":1,"68":0,"69":0,"70":0,"71":0,"72":0,"73":0,"74":0,"75":0,"76":0,"77":0,"78":0,"79":1,"80":0,"81":0,"82":0,"83":0,"84":0,"85":0,"86":0,"87":0,"88":0,"89":0,"90":0,"91":0,"92":0,"93":0,"94":0,"95":0,"96":0,"97":0,"98":0,"99":0,"100":0,"101":0,"102":0,"103":1,"104":0,"105":0,"106":0,"107":0,"108":0,"109":0,"110":1,"111":0,"112":0,"113":0,"114":0,"115":0,"116":0,"117":0,"118":0,"119":0,"120":1,"121":0,"122":0,"123":0,"124":0,"125":0,"126":0,"127":0,"128":0,"129":1,"130":0,"131":0,"132":0,"133":0,"134":0,"135":1,"136":0,"137":0,"138":0,"139":0,"140":0,"141":0,"142":0,"143":1,"144":0,"145":0,"146":0,"147":0,"148":0,"149":0,"150":0,"151":0,"152":0,"153":0,"154":0,"155":0,"156":0,"157":0,"158":0,"159":0,"160":0,"161":0,"162":0,"163":0,"164":0,"165":0,"166":0,"167":0,"168":0,"169":0,"170":0,"171":1,"172":0,"173":0,"174":0,"175":0,"176":0,"177":0,"178":0,"179":0,"180":0,"181":0,"182":0,"183":0,"184":0,"185":0,"186":0,"187":0,"188":0,"189":0,"190":0,"191":1,"192":1,"193":1,"194":1,"195":1,"196":0,"197":0,"198":0,"199":0,"200":1,"201":0,"202":0,"203":0,"204":0,"205":0,"206":0,"207":0,"208":0,"209":0,"210":0,"211":0,"212":0,"213":0,"214":0,"215":0,"216":0,"217":0,"218":0,"219":0,"220":1,"221":0,"222":0,"223":0,"224":0,"225":0,"226":0,"227":0,"228":0,"229":0,"230":0,"231":0,"232":0,"233":0,"234":0,"235":0,"236":0,"237":0,"238":0,"239":0,"240":0,"241":0,"242":0,"243":0,"244":0,"245":0,"246":0,"247":0,"248":0,"249":0,"250":0,"251":0,"252":0,"253":0,"254":0,"255":0,"256":0,"257":0,"258":0,"259":0,"260":0,"261":0,"262":0,"263":0,"264":0,"265":0,"266":1,"267":0,"268":0,"269":0,"270":0,"271":0,"272":0,"273":0,"274":0,"275":0,"276":0,"277":0,"278":0,"279":0,"280":0,"281":0,"282":0,"283":0,"284":0,"285":1,"286":0,"287":0,"288":1,"289":0,"290":0,"291":0,"292":0,"293":0,"294":0,"295":0,"296":0,"297":0,"298":0,"299":0,"300":0,"301":0,"302":1,"303":0,"304":0,"305":0,"306":0,"307":0,"308":0,"309":0,"310":0,"311":0,"312":0,"313":1,"314":0,"315":0,"316":0,"317":0,"318":0,"319":1,"320":0,"321":0,"322":0,"323":0,"324":0,"325":1,"326":1,"327":1,"328":0,"329":1,"330":0,"331":0,"332":0,"333":0,"334":0,"335":0,"336":0,"337":1,"338":0,"339":0,"340":0,"341":1,"342":0,"343":0,"344":1,"345":0,"346":0,"347":1,"348":1,"349":1,"350":1,"351":0,"352":0,"353":1,"354":0,"355":0,"356":0,"357":0,"358":0,"359":0,"360":0,"361":1,"362":0,"363":0,"364":0,"365":0,"366":0,"367":0,"368":0,"369":1,"370":0,"371":0,"372":0,"373":0,"374":1,"375":1,"376":1,"377":1,"378":0,"379":0,"380":1,"381":0,"382":0,"383":0,"384":0,"385":0,"386":0,"387":0,"388":1,"389":0,"390":0,"391":0,"392":0,"393":0,"394":0,"395":0,"396":1,"397":1,"398":1,"399":1,"400":1,"401":1,"402":0,"403":0,"404":0,"405":0,"406":0,"407":0,"408":0,"409":0,"410":1,"411":1,"412":1,"413":1,"414":0,"415":0,"416":0,"417":0,"418":0,"419":0,"420":0,"421":0,"422":0,"423":0,"424":0,"425":0,"426":0,"427":1,"428":0,"429":0,"430":0,"431":0,"432":0,"433":0,"434":0,"435":0,"436":0,"437":0,"438":0,"439":0,"440":0,"441":0,"442":0,"443":1,"444":0,"445":0,"446":0,"447":0,"448":0,"449":0,"450":0,"451":0,"452":0,"453":0},"b":{"1":[0,0],"2":[1,0],"3":[1,1],"4":[1,0],"5":[1,1],"6":[0,0],"7":[1,0],"8":[0,0],"9":[0,0],"10":[0,0],"11":[0,0],"12":[0,0],"13":[0,0],"14":[0,0],"15":[0,0],"16":[0,0],"17":[0,0],"18":[0,0],"19":[0,0],"20":[0,0],"21":[0,0],"22":[0,0],"23":[0,0],"24":[0,0],"25":[0,0],"26":[0,0],"27":[0,0],"28":[0,0],"29":[0,0],"30":[0,0],"31":[0,0],"32":[0,0],"33":[0,0],"34":[0,0],"35":[0,0],"36":[0,0],"37":[0,0],"38":[0,0],"39":[0,0],"40":[0,0],"41":[0,0],"42":[0,0],"43":[0,0],"44":[0,0],"45":[0,0],"46":[0,0],"47":[0,0],"48":[0,0],"49":[0,0],"50":[0,0],"51":[0,0],"52":[0,0],"53":[0,0],"54":[0,0],"55":[0,0],"56":[0,0],"57":[0,0],"58":[0,0],"59":[0,0],"60":[0,0,0],"61":[0,0],"62":[0,0],"63":[0,0],"64":[0,0],"65":[0,0],"66":[0,0],"67":[0,0],"68":[0,0],"69":[0,0],"70":[0,0],"71":[0,0],"72":[0,0],"73":[0,0],"74":[0,0],"75":[0,0],"76":[0,0],"77":[0,0],"78":[0,0],"79":[0,0],"80":[0,0],"81":[0,0],"82":[0,0],"83":[0,0],"84":[0,0],"85":[0,0],"86":[0,0],"87":[0,0],"88":[0,0],"89":[0,0],"90":[0,0],"91":[0,0],"92":[0,0],"93":[0,0],"94":[0,0],"95":[0,0],"96":[0,0],"97":[0,0],"98":[0,0],"99":[0,0],"100":[0,0],"101":[0,0],"102":[0,0],"103":[0,0],"104":[0,0],"105":[0,0],"106":[0,0],"107":[0,0],"108":[0,0,0],"109":[0,0],"110":[0,0],"111":[0,0],"112":[0,0],"113":[0,0],"114":[0,0],"115":[0,0],"116":[0,0],"117":[0,0],"118":[0,0],"119":[0,0],"120":[0,0],"121":[0,0],"122":[0,0],"123":[0,0],"124":[0,0],"125":[0,0],"126":[0,0],"127":[0,0],"128":[0,0],"129":[0,0],"130":[0,0],"131":[0,0],"132":[0,0],"133":[0,0],"134":[0,0],"135":[0,0],"136":[0,0],"137":[0,0],"138":[0,0],"139":[0,0],"140":[0,0],"141":[0,0],"142":[0,0],"143":[0,0],"144":[0,0],"145":[0,0],"146":[0,0],"147":[0,0],"148":[0,0],"149":[1,0],"150":[1,1],"151":[0,0],"152":[0,0],"153":[0,0],"154":[0,0],"155":[0,0],"156":[0,0],"157":[0,0],"158":[0,0],"159":[0,0],"160":[0,0],"161":[0,0],"162":[0,0],"163":[0,0],"164":[0,0],"165":[0,0],"166":[0,0],"167":[0,0]},"f":{"1":1,"2":2,"3":2,"4":1,"5":0,"6":0,"7":0,"8":0,"9":1,"10":0,"11":0,"12":0,"13":0,"14":0,"15":0,"16":0,"17":0,"18":0,"19":0,"20":0,"21":0,"22":0,"23":0,"24":0,"25":1,"26":0,"27":0,"28":0,"29":0,"30":0,"31":0,"32":0,"33":0,"34":0,"35":0,"36":0,"37":0,"38":1,"39":0,"40":0,"41":0,"42":0,"43":0,"44":1,"45":0,"46":0,"47":0,"48":0,"49":1,"50":0,"51":0,"52":0,"53":0,"54":0,"55":0,"56":0,"57":0,"58":0},"fnMap":{"1":{"name":"(anonymous_1)","line":2,"loc":{"start":{"line":2,"column":1},"end":{"line":2,"column":12}}},"2":{"name":"(anonymous_2)","line":5,"loc":{"start":{"line":5,"column":16},"end":{"line":5,"column":40}}},"3":{"name":"ctor","line":5,"loc":{"start":{"line":5,"column":129},"end":{"line":5,"column":145}}},"4":{"name":"(anonymous_4)","line":38,"loc":{"start":{"line":38,"column":12},"end":{"line":38,"column":23}}},"5":{"name":"Parser","line":39,"loc":{"start":{"line":39,"column":4},"end":{"line":39,"column":29}}},"6":{"name":"(anonymous_6)","line":46,"loc":{"start":{"line":46,"column":29},"end":{"line":46,"column":47}}},"7":{"name":"(anonymous_7)","line":69,"loc":{"start":{"line":69,"column":18},"end":{"line":69,"column":31}}},"8":{"name":"(anonymous_8)","line":74,"loc":{"start":{"line":74,"column":25},"end":{"line":74,"column":45}}},"9":{"name":"(anonymous_9)","line":79,"loc":{"start":{"line":79,"column":12},"end":{"line":79,"column":23}}},"10":{"name":"Writer","line":80,"loc":{"start":{"line":80,"column":4},"end":{"line":80,"column":29}}},"11":{"name":"(anonymous_11)","line":99,"loc":{"start":{"line":99,"column":31},"end":{"line":99,"column":46}}},"12":{"name":"(anonymous_12)","line":106,"loc":{"start":{"line":106,"column":73},"end":{"line":106,"column":88}}},"13":{"name":"(anonymous_13)","line":117,"loc":{"start":{"line":117,"column":31},"end":{"line":117,"column":55}}},"14":{"name":"(anonymous_14)","line":135,"loc":{"start":{"line":135,"column":81},"end":{"line":135,"column":96}}},"15":{"name":"(anonymous_15)","line":155,"loc":{"start":{"line":155,"column":36},"end":{"line":155,"column":66}}},"16":{"name":"(anonymous_16)","line":166,"loc":{"start":{"line":166,"column":31},"end":{"line":166,"column":46}}},"17":{"name":"(anonymous_17)","line":182,"loc":{"start":{"line":182,"column":36},"end":{"line":182,"column":57}}},"18":{"name":"(anonymous_18)","line":195,"loc":{"start":{"line":195,"column":40},"end":{"line":195,"column":72}}},"19":{"name":"(anonymous_19)","line":198,"loc":{"start":{"line":198,"column":30},"end":{"line":198,"column":46}}},"20":{"name":"(anonymous_20)","line":204,"loc":{"start":{"line":204,"column":33},"end":{"line":204,"column":65}}},"21":{"name":"(anonymous_21)","line":211,"loc":{"start":{"line":211,"column":31},"end":{"line":211,"column":46}}},"22":{"name":"(anonymous_22)","line":218,"loc":{"start":{"line":218,"column":37},"end":{"line":218,"column":75}}},"23":{"name":"(anonymous_23)","line":253,"loc":{"start":{"line":253,"column":33},"end":{"line":253,"column":48}}},"24":{"name":"(anonymous_24)","line":261,"loc":{"start":{"line":261,"column":33},"end":{"line":261,"column":48}}},"25":{"name":"(anonymous_25)","line":311,"loc":{"start":{"line":311,"column":15},"end":{"line":311,"column":26}}},"26":{"name":"Converter","line":312,"loc":{"start":{"line":312,"column":4},"end":{"line":312,"column":32}}},"27":{"name":"(anonymous_27)","line":319,"loc":{"start":{"line":319,"column":35},"end":{"line":319,"column":62}}},"28":{"name":"(anonymous_28)","line":347,"loc":{"start":{"line":347,"column":34},"end":{"line":347,"column":57}}},"29":{"name":"(anonymous_29)","line":376,"loc":{"start":{"line":376,"column":39},"end":{"line":376,"column":55}}},"30":{"name":"(anonymous_30)","line":410,"loc":{"start":{"line":410,"column":35},"end":{"line":410,"column":68}}},"31":{"name":"(anonymous_31)","line":418,"loc":{"start":{"line":418,"column":39},"end":{"line":418,"column":55}}},"32":{"name":"(anonymous_32)","line":445,"loc":{"start":{"line":445,"column":31},"end":{"line":445,"column":63}}},"33":{"name":"(anonymous_33)","line":450,"loc":{"start":{"line":450,"column":34},"end":{"line":450,"column":57}}},"34":{"name":"(anonymous_34)","line":462,"loc":{"start":{"line":462,"column":24},"end":{"line":462,"column":39}}},"35":{"name":"(anonymous_35)","line":476,"loc":{"start":{"line":476,"column":38},"end":{"line":476,"column":72}}},"36":{"name":"(anonymous_36)","line":491,"loc":{"start":{"line":491,"column":33},"end":{"line":491,"column":74}}},"37":{"name":"(anonymous_37)","line":509,"loc":{"start":{"line":509,"column":32},"end":{"line":509,"column":73}}},"38":{"name":"(anonymous_38)","line":530,"loc":{"start":{"line":530,"column":12},"end":{"line":530,"column":23}}},"39":{"name":"Output","line":531,"loc":{"start":{"line":531,"column":4},"end":{"line":531,"column":22}}},"40":{"name":"(anonymous_40)","line":535,"loc":{"start":{"line":535,"column":29},"end":{"line":535,"column":40}}},"41":{"name":"(anonymous_41)","line":548,"loc":{"start":{"line":548,"column":29},"end":{"line":548,"column":40}}},"42":{"name":"(anonymous_42)","line":556,"loc":{"start":{"line":556,"column":29},"end":{"line":556,"column":52}}},"43":{"name":"(anonymous_43)","line":562,"loc":{"start":{"line":562,"column":31},"end":{"line":562,"column":54}}},"44":{"name":"(anonymous_44)","line":572,"loc":{"start":{"line":572,"column":18},"end":{"line":572,"column":35}}},"45":{"name":"StringOutput","line":575,"loc":{"start":{"line":575,"column":4},"end":{"line":575,"column":28}}},"46":{"name":"(anonymous_46)","line":580,"loc":{"start":{"line":580,"column":35},"end":{"line":580,"column":58}}},"47":{"name":"(anonymous_47)","line":594,"loc":{"start":{"line":594,"column":37},"end":{"line":594,"column":60}}},"48":{"name":"(anonymous_48)","line":608,"loc":{"start":{"line":608,"column":35},"end":{"line":608,"column":46}}},"49":{"name":"(anonymous_49)","line":619,"loc":{"start":{"line":619,"column":18},"end":{"line":619,"column":35}}},"50":{"name":"StreamOutput","line":622,"loc":{"start":{"line":622,"column":4},"end":{"line":622,"column":34}}},"51":{"name":"(anonymous_51)","line":627,"loc":{"start":{"line":627,"column":35},"end":{"line":627,"column":58}}},"52":{"name":"(anonymous_52)","line":641,"loc":{"start":{"line":641,"column":37},"end":{"line":641,"column":60}}},"53":{"name":"(anonymous_53)","line":667,"loc":{"start":{"line":667,"column":17},"end":{"line":667,"column":35}}},"54":{"name":"(anonymous_54)","line":685,"loc":{"start":{"line":685,"column":20},"end":{"line":685,"column":53}}},"55":{"name":"(anonymous_55)","line":693,"loc":{"start":{"line":693,"column":41},"end":{"line":693,"column":66}}},"56":{"name":"(anonymous_56)","line":709,"loc":{"start":{"line":709,"column":22},"end":{"line":709,"column":50}}},"57":{"name":"(anonymous_57)","line":717,"loc":{"start":{"line":717,"column":38},"end":{"line":717,"column":63}}},"58":{"name":"(anonymous_58)","line":734,"loc":{"start":{"line":734,"column":26},"end":{"line":734,"column":58}}}},"statementMap":{"1":{"start":{"line":2,"column":0},"end":{"line":750,"column":14}},"2":{"start":{"line":3,"column":2},"end":{"line":5,"column":292}},"3":{"start":{"line":5,"column":42},"end":{"line":5,"column":128}},"4":{"start":{"line":5,"column":68},"end":{"line":5,"column":126}},"5":{"start":{"line":5,"column":101},"end":{"line":5,"column":126}},"6":{"start":{"line":5,"column":129},"end":{"line":5,"column":174}},"7":{"start":{"line":5,"column":147},"end":{"line":5,"column":172}},"8":{"start":{"line":5,"column":175},"end":{"line":5,"column":209}},"9":{"start":{"line":5,"column":210},"end":{"line":5,"column":239}},"10":{"start":{"line":5,"column":240},"end":{"line":5,"column":275}},"11":{"start":{"line":5,"column":276},"end":{"line":5,"column":289}},"12":{"start":{"line":7,"column":2},"end":{"line":7,"column":17}},"13":{"start":{"line":9,"column":2},"end":{"line":11,"column":3}},"14":{"start":{"line":10,"column":4},"end":{"line":10,"column":18}},"15":{"start":{"line":13,"column":2},"end":{"line":13,"column":135}},"16":{"start":{"line":15,"column":2},"end":{"line":22,"column":3}},"17":{"start":{"line":16,"column":4},"end":{"line":16,"column":23}},"18":{"start":{"line":17,"column":4},"end":{"line":17,"column":27}},"19":{"start":{"line":18,"column":4},"end":{"line":18,"column":24}},"20":{"start":{"line":20,"column":4},"end":{"line":20,"column":13}},"21":{"start":{"line":21,"column":4},"end":{"line":21,"column":29}},"22":{"start":{"line":24,"column":2},"end":{"line":24,"column":14}},"23":{"start":{"line":26,"column":2},"end":{"line":26,"column":18}},"24":{"start":{"line":28,"column":2},"end":{"line":28,"column":22}},"25":{"start":{"line":30,"column":2},"end":{"line":32,"column":4}},"26":{"start":{"line":34,"column":2},"end":{"line":34,"column":34}},"27":{"start":{"line":36,"column":2},"end":{"line":36,"column":37}},"28":{"start":{"line":38,"column":2},"end":{"line":67,"column":7}},"29":{"start":{"line":39,"column":4},"end":{"line":44,"column":5}},"30":{"start":{"line":40,"column":6},"end":{"line":40,"column":52}},"31":{"start":{"line":41,"column":6},"end":{"line":43,"column":7}},"32":{"start":{"line":42,"column":8},"end":{"line":42,"column":45}},"33":{"start":{"line":46,"column":4},"end":{"line":63,"column":6}},"34":{"start":{"line":47,"column":6},"end":{"line":47,"column":25}},"35":{"start":{"line":48,"column":6},"end":{"line":62,"column":7}},"36":{"start":{"line":49,"column":8},"end":{"line":49,"column":31}},"37":{"start":{"line":51,"column":8},"end":{"line":53,"column":9}},"38":{"start":{"line":52,"column":10},"end":{"line":52,"column":45}},"39":{"start":{"line":54,"column":8},"end":{"line":61,"column":9}},"40":{"start":{"line":55,"column":10},"end":{"line":55,"column":41}},"41":{"start":{"line":57,"column":10},"end":{"line":57,"column":22}},"42":{"start":{"line":58,"column":10},"end":{"line":58,"column":35}},"43":{"start":{"line":59,"column":10},"end":{"line":59,"column":69}},"44":{"start":{"line":60,"column":10},"end":{"line":60,"column":34}},"45":{"start":{"line":65,"column":4},"end":{"line":65,"column":18}},"46":{"start":{"line":69,"column":2},"end":{"line":72,"column":4}},"47":{"start":{"line":70,"column":4},"end":{"line":70,"column":29}},"48":{"start":{"line":71,"column":4},"end":{"line":71,"column":44}},"49":{"start":{"line":74,"column":2},"end":{"line":77,"column":4}},"50":{"start":{"line":75,"column":4},"end":{"line":75,"column":50}},"51":{"start":{"line":76,"column":4},"end":{"line":76,"column":61}},"52":{"start":{"line":79,"column":2},"end":{"line":291,"column":7}},"53":{"start":{"line":80,"column":4},"end":{"line":97,"column":5}},"54":{"start":{"line":81,"column":6},"end":{"line":81,"column":29}},"55":{"start":{"line":82,"column":6},"end":{"line":84,"column":7}},"56":{"start":{"line":83,"column":8},"end":{"line":83,"column":21}},"57":{"start":{"line":85,"column":6},"end":{"line":85,"column":72}},"58":{"start":{"line":86,"column":6},"end":{"line":86,"column":71}},"59":{"start":{"line":87,"column":6},"end":{"line":87,"column":70}},"60":{"start":{"line":88,"column":6},"end":{"line":94,"column":7}},"61":{"start":{"line":89,"column":8},"end":{"line":89,"column":29}},"62":{"start":{"line":90,"column":8},"end":{"line":90,"column":32}},"63":{"start":{"line":92,"column":8},"end":{"line":92,"column":29}},"64":{"start":{"line":93,"column":8},"end":{"line":93,"column":32}},"65":{"start":{"line":95,"column":6},"end":{"line":95,"column":52}},"66":{"start":{"line":96,"column":6},"end":{"line":96,"column":79}},"67":{"start":{"line":99,"column":4},"end":{"line":115,"column":6}},"68":{"start":{"line":100,"column":6},"end":{"line":100,"column":34}},"69":{"start":{"line":101,"column":6},"end":{"line":101,"column":72}},"70":{"start":{"line":102,"column":6},"end":{"line":104,"column":7}},"71":{"start":{"line":103,"column":8},"end":{"line":103,"column":32}},"72":{"start":{"line":105,"column":6},"end":{"line":110,"column":7}},"73":{"start":{"line":106,"column":8},"end":{"line":108,"column":11}},"74":{"start":{"line":107,"column":10},"end":{"line":107,"column":52}},"75":{"start":{"line":109,"column":8},"end":{"line":109,"column":50}},"76":{"start":{"line":111,"column":6},"end":{"line":113,"column":7}},"77":{"start":{"line":112,"column":8},"end":{"line":112,"column":23}},"78":{"start":{"line":114,"column":6},"end":{"line":114,"column":20}},"79":{"start":{"line":117,"column":4},"end":{"line":153,"column":6}},"80":{"start":{"line":118,"column":6},"end":{"line":118,"column":80}},"81":{"start":{"line":119,"column":6},"end":{"line":121,"column":7}},"82":{"start":{"line":120,"column":8},"end":{"line":120,"column":21}},"83":{"start":{"line":122,"column":6},"end":{"line":122,"column":30}},"84":{"start":{"line":123,"column":6},"end":{"line":152,"column":7}},"85":{"start":{"line":124,"column":8},"end":{"line":124,"column":18}},"86":{"start":{"line":126,"column":8},"end":{"line":126,"column":20}},"87":{"start":{"line":127,"column":8},"end":{"line":146,"column":9}},"88":{"start":{"line":128,"column":10},"end":{"line":128,"column":27}},"89":{"start":{"line":129,"column":10},"end":{"line":145,"column":11}},"90":{"start":{"line":130,"column":12},"end":{"line":130,"column":37}},"91":{"start":{"line":131,"column":12},"end":{"line":131,"column":39}},"92":{"start":{"line":132,"column":12},"end":{"line":144,"column":13}},"93":{"start":{"line":134,"column":19},"end":{"line":144,"column":13}},"94":{"start":{"line":135,"column":14},"end":{"line":137,"column":17}},"95":{"start":{"line":136,"column":16},"end":{"line":136,"column":59}},"96":{"start":{"line":138,"column":14},"end":{"line":140,"column":15}},"97":{"start":{"line":139,"column":16},"end":{"line":139,"column":86}},"98":{"start":{"line":142,"column":14},"end":{"line":142,"column":77}},"99":{"start":{"line":143,"column":14},"end":{"line":143,"column":66}},"100":{"start":{"line":147,"column":8},"end":{"line":151,"column":9}},"101":{"start":{"line":148,"column":10},"end":{"line":148,"column":57}},"102":{"start":{"line":150,"column":10},"end":{"line":150,"column":20}},"103":{"start":{"line":155,"column":4},"end":{"line":164,"column":6}},"104":{"start":{"line":156,"column":6},"end":{"line":163,"column":7}},"105":{"start":{"line":157,"column":8},"end":{"line":157,"column":76}},"106":{"start":{"line":158,"column":13},"end":{"line":163,"column":7}},"107":{"start":{"line":159,"column":8},"end":{"line":159,"column":82}},"108":{"start":{"line":161,"column":8},"end":{"line":161,"column":94}},"109":{"start":{"line":162,"column":8},"end":{"line":162,"column":76}},"110":{"start":{"line":166,"column":4},"end":{"line":180,"column":6}},"111":{"start":{"line":167,"column":6},"end":{"line":167,"column":21}},"112":{"start":{"line":168,"column":6},"end":{"line":179,"column":7}},"113":{"start":{"line":169,"column":8},"end":{"line":169,"column":20}},"114":{"start":{"line":170,"column":13},"end":{"line":179,"column":7}},"115":{"start":{"line":171,"column":8},"end":{"line":171,"column":20}},"116":{"start":{"line":173,"column":8},"end":{"line":173,"column":36}},"117":{"start":{"line":174,"column":8},"end":{"line":178,"column":9}},"118":{"start":{"line":175,"column":10},"end":{"line":175,"column":22}},"119":{"start":{"line":177,"column":10},"end":{"line":177,"column":22}},"120":{"start":{"line":182,"column":4},"end":{"line":193,"column":6}},"121":{"start":{"line":183,"column":6},"end":{"line":183,"column":26}},"122":{"start":{"line":184,"column":6},"end":{"line":192,"column":7}},"123":{"start":{"line":185,"column":8},"end":{"line":185,"column":34}},"124":{"start":{"line":186,"column":8},"end":{"line":186,"column":22}},"125":{"start":{"line":187,"column":8},"end":{"line":190,"column":9}},"126":{"start":{"line":188,"column":10},"end":{"line":188,"column":20}},"127":{"start":{"line":189,"column":10},"end":{"line":189,"column":51}},"128":{"start":{"line":191,"column":8},"end":{"line":191,"column":24}},"129":{"start":{"line":195,"column":4},"end":{"line":202,"column":6}},"130":{"start":{"line":196,"column":6},"end":{"line":196,"column":23}},"131":{"start":{"line":197,"column":6},"end":{"line":197,"column":21}},"132":{"start":{"line":198,"column":6},"end":{"line":200,"column":9}},"133":{"start":{"line":199,"column":8},"end":{"line":199,"column":55}},"134":{"start":{"line":201,"column":6},"end":{"line":201,"column":28}},"135":{"start":{"line":204,"column":4},"end":{"line":216,"column":6}},"136":{"start":{"line":205,"column":6},"end":{"line":206,"column":21}},"137":{"start":{"line":207,"column":6},"end":{"line":215,"column":7}},"138":{"start":{"line":208,"column":8},"end":{"line":208,"column":31}},"139":{"start":{"line":209,"column":8},"end":{"line":214,"column":9}},"140":{"start":{"line":210,"column":10},"end":{"line":210,"column":38}},"141":{"start":{"line":211,"column":10},"end":{"line":213,"column":13}},"142":{"start":{"line":212,"column":12},"end":{"line":212,"column":68}},"143":{"start":{"line":218,"column":4},"end":{"line":259,"column":6}},"144":{"start":{"line":219,"column":6},"end":{"line":220,"column":21}},"145":{"start":{"line":221,"column":6},"end":{"line":223,"column":7}},"146":{"start":{"line":222,"column":8},"end":{"line":222,"column":21}},"147":{"start":{"line":224,"column":6},"end":{"line":224,"column":57}},"148":{"start":{"line":225,"column":6},"end":{"line":225,"column":60}},"149":{"start":{"line":226,"column":6},"end":{"line":226,"column":59}},"150":{"start":{"line":227,"column":6},"end":{"line":227,"column":82}},"151":{"start":{"line":228,"column":6},"end":{"line":228,"column":82}},"152":{"start":{"line":229,"column":6},"end":{"line":231,"column":7}},"153":{"start":{"line":230,"column":8},"end":{"line":230,"column":15}},"154":{"start":{"line":232,"column":6},"end":{"line":232,"column":32}},"155":{"start":{"line":233,"column":6},"end":{"line":235,"column":7}},"156":{"start":{"line":234,"column":8},"end":{"line":234,"column":31}},"157":{"start":{"line":236,"column":6},"end":{"line":238,"column":7}},"158":{"start":{"line":237,"column":8},"end":{"line":237,"column":32}},"159":{"start":{"line":239,"column":6},"end":{"line":258,"column":7}},"160":{"start":{"line":240,"column":8},"end":{"line":242,"column":9}},"161":{"start":{"line":241,"column":10},"end":{"line":241,"column":46}},"162":{"start":{"line":243,"column":8},"end":{"line":245,"column":9}},"163":{"start":{"line":244,"column":10},"end":{"line":244,"column":44}},"164":{"start":{"line":246,"column":8},"end":{"line":257,"column":9}},"165":{"start":{"line":247,"column":10},"end":{"line":247,"column":47}},"166":{"start":{"line":249,"column":10},"end":{"line":249,"column":39}},"167":{"start":{"line":250,"column":10},"end":{"line":256,"column":11}},"168":{"start":{"line":251,"column":12},"end":{"line":251,"column":49}},"169":{"start":{"line":253,"column":12},"end":{"line":255,"column":15}},"170":{"start":{"line":254,"column":14},"end":{"line":254,"column":70}},"171":{"start":{"line":261,"column":4},"end":{"line":287,"column":6}},"172":{"start":{"line":262,"column":6},"end":{"line":262,"column":29}},"173":{"start":{"line":263,"column":6},"end":{"line":265,"column":7}},"174":{"start":{"line":264,"column":8},"end":{"line":264,"column":18}},"175":{"start":{"line":266,"column":6},"end":{"line":268,"column":7}},"176":{"start":{"line":267,"column":8},"end":{"line":267,"column":22}},"177":{"start":{"line":269,"column":6},"end":{"line":269,"column":17}},"178":{"start":{"line":270,"column":6},"end":{"line":270,"column":32}},"179":{"start":{"line":271,"column":6},"end":{"line":271,"column":16}},"180":{"start":{"line":272,"column":6},"end":{"line":282,"column":7}},"181":{"start":{"line":273,"column":8},"end":{"line":273,"column":29}},"182":{"start":{"line":274,"column":8},"end":{"line":281,"column":9}},"183":{"start":{"line":275,"column":10},"end":{"line":275,"column":27}},"184":{"start":{"line":276,"column":10},"end":{"line":276,"column":22}},"185":{"start":{"line":277,"column":15},"end":{"line":281,"column":9}},"186":{"start":{"line":278,"column":10},"end":{"line":278,"column":29}},"187":{"start":{"line":280,"column":10},"end":{"line":280,"column":22}},"188":{"start":{"line":283,"column":6},"end":{"line":285,"column":7}},"189":{"start":{"line":284,"column":8},"end":{"line":284,"column":25}},"190":{"start":{"line":286,"column":6},"end":{"line":286,"column":19}},"191":{"start":{"line":289,"column":4},"end":{"line":289,"column":18}},"192":{"start":{"line":293,"column":2},"end":{"line":300,"column":4}},"193":{"start":{"line":302,"column":2},"end":{"line":309,"column":4}},"194":{"start":{"line":311,"column":2},"end":{"line":528,"column":7}},"195":{"start":{"line":312,"column":4},"end":{"line":317,"column":5}},"196":{"start":{"line":313,"column":6},"end":{"line":313,"column":22}},"197":{"start":{"line":314,"column":6},"end":{"line":314,"column":52}},"198":{"start":{"line":315,"column":6},"end":{"line":315,"column":74}},"199":{"start":{"line":316,"column":6},"end":{"line":316,"column":93}},"200":{"start":{"line":319,"column":4},"end":{"line":345,"column":6}},"201":{"start":{"line":320,"column":6},"end":{"line":320,"column":60}},"202":{"start":{"line":321,"column":6},"end":{"line":336,"column":7}},"203":{"start":{"line":322,"column":8},"end":{"line":322,"column":35}},"204":{"start":{"line":323,"column":8},"end":{"line":323,"column":29}},"205":{"start":{"line":324,"column":8},"end":{"line":324,"column":36}},"206":{"start":{"line":325,"column":8},"end":{"line":325,"column":36}},"207":{"start":{"line":326,"column":8},"end":{"line":332,"column":9}},"208":{"start":{"line":327,"column":10},"end":{"line":327,"column":55}},"209":{"start":{"line":328,"column":15},"end":{"line":332,"column":9}},"210":{"start":{"line":329,"column":10},"end":{"line":329,"column":63}},"211":{"start":{"line":330,"column":15},"end":{"line":332,"column":9}},"212":{"start":{"line":331,"column":10},"end":{"line":331,"column":31}},"213":{"start":{"line":333,"column":8},"end":{"line":335,"column":9}},"214":{"start":{"line":334,"column":10},"end":{"line":334,"column":51}},"215":{"start":{"line":337,"column":6},"end":{"line":344,"column":7}},"216":{"start":{"line":338,"column":8},"end":{"line":338,"column":54}},"217":{"start":{"line":340,"column":8},"end":{"line":340,"column":56}},"218":{"start":{"line":341,"column":8},"end":{"line":343,"column":9}},"219":{"start":{"line":342,"column":10},"end":{"line":342,"column":50}},"220":{"start":{"line":347,"column":4},"end":{"line":408,"column":6}},"221":{"start":{"line":348,"column":6},"end":{"line":349,"column":21}},"222":{"start":{"line":350,"column":6},"end":{"line":352,"column":7}},"223":{"start":{"line":351,"column":8},"end":{"line":351,"column":15}},"224":{"start":{"line":353,"column":6},"end":{"line":353,"column":43}},"225":{"start":{"line":354,"column":6},"end":{"line":354,"column":42}},"226":{"start":{"line":355,"column":6},"end":{"line":355,"column":58}},"227":{"start":{"line":356,"column":6},"end":{"line":356,"column":42}},"228":{"start":{"line":357,"column":6},"end":{"line":407,"column":7}},"229":{"start":{"line":358,"column":8},"end":{"line":368,"column":9}},"230":{"start":{"line":359,"column":10},"end":{"line":359,"column":44}},"231":{"start":{"line":360,"column":10},"end":{"line":363,"column":13}},"232":{"start":{"line":364,"column":15},"end":{"line":368,"column":9}},"233":{"start":{"line":365,"column":10},"end":{"line":365,"column":61}},"234":{"start":{"line":366,"column":15},"end":{"line":368,"column":9}},"235":{"start":{"line":367,"column":10},"end":{"line":367,"column":60}},"236":{"start":{"line":369,"column":13},"end":{"line":407,"column":7}},"237":{"start":{"line":370,"column":8},"end":{"line":370,"column":62}},"238":{"start":{"line":371,"column":8},"end":{"line":371,"column":43}},"239":{"start":{"line":372,"column":13},"end":{"line":407,"column":7}},"240":{"start":{"line":373,"column":8},"end":{"line":373,"column":48}},"241":{"start":{"line":374,"column":8},"end":{"line":374,"column":23}},"242":{"start":{"line":375,"column":8},"end":{"line":375,"column":25}},"243":{"start":{"line":376,"column":8},"end":{"line":393,"column":11}},"244":{"start":{"line":377,"column":10},"end":{"line":377,"column":19}},"245":{"start":{"line":378,"column":10},"end":{"line":392,"column":11}},"246":{"start":{"line":379,"column":12},"end":{"line":379,"column":30}},"247":{"start":{"line":380,"column":12},"end":{"line":391,"column":13}},"248":{"start":{"line":381,"column":14},"end":{"line":387,"column":15}},"249":{"start":{"line":382,"column":16}
[...]
ent = true;","      }","      if (data == null) {","        data = '';","      }","      if (indent) {","        return this.stream.write(this.indents + data);","      } else {","        return this.stream.write(data);","      }","    };","","    StreamOutput.prototype.writeln = function(data, indent) {","      if (indent == null) {","        indent = true;","      }","      if (data == null) {","        data = '';","      }","      if (indent) {","        return this.stream.write(this.indents + data + '\\n');","      } else {","        return this.stream.write(data + '\\n');","      }","    };","","    return StreamOutput;","","  })(Output);","","  scope.Output = Output;","","  scope.StringOutput = StringOutput;","","  scope.Converter = Converter;","","  scope.Writer = Writer;","","  applyOptions = function(options) {","    if (options.numeric != null) {","      entOptions.useNamedReferences = !options.numeric;","    }","    if (options.nspaces != null) {","      nspaces = parseInt(options.nspaces);","    }","    if (options.tabs != null) {","      useTabs = !!options.tabs;","    }","    if (options.donotencode != null) {","      return doNotEncode = !!options.donotencode;","    }","  };","","  if (typeof exports !== \"undefined\" && exports !== null) {","    scope.Parser = Parser;","    scope.StreamOutput = StreamOutput;","    scope.convert = function(input, output, options) {","      if (options == null) {","        options = {};","      }","      applyOptions(options);","      if (options.parser == null) {","        options.parser = new Parser(options);","      }","      return options.parser.parse(input, function(errors, window) {","        if (errors != null ? errors.length : void 0) {","          return errors;","        } else {","          if (output == null) {","            output = new StreamOutput(process.stdout);","          }","          if (options.converter == null) {","            options.converter = new Converter(options);","          }","          return options.converter.document(window.document, output);","        }","      });","    };","  }","","  scope.convertHtml = function(html, options, cb) {","    if (options == null) {","      options = {};","    }","    applyOptions(options);","    if (options.parser == null) {","      options.parser = new Parser(options);","    }","    return options.parser.parse(html, function(errors, window) {","      var output, _ref;","      if (errors != null ? errors.length : void 0) {","        return errors;","      } else {","        output = (_ref = options.output) != null ? _ref : new StringOutput();","        if (options.converter == null) {","          options.converter = new Converter(options);","        }","        options.converter.document(window.document, output);","        if (cb != null) {","          return cb(null, output.final());","        }","      }","    });","  };","","  scope.convertDocument = function(document, options, cb) {","    var output, _ref;","    if (options == null) {","      options = {};","    }","    applyOptions(options);","    output = (_ref = options.output) != null ? _ref : new StringOutput();","    if (options.converter == null) {","      options.converter = new Converter(options);","    }","    options.converter.document(document, output);","    if (cb != null) {","      return cb(null, output.final());","    }","  };","","}).call(this);",""],"l":{"2":1,"3":1,"5":2,"7":1,"9":1,"10":1,"13":1,"15":1,"16":1,"17":1,"18":1,"20":0,"21":0,"24":1,"26":1,"28":1,"30":1,"34":1,"36":1,"38":1,"39":1,"40":0,"41":0,"42":0,"46":1,"47":0,"48":0,"49":0,"51":0,"52":0,"54":0,"55":0,"57":0,"58":0,"59":0,"60":0,"65":1,"69":1,"70":0,"71":0,"74":1,"75":0,"76":0,"79":1,"80":1,"81":0,"82":0,"83":0,"85":0,"86":0,"87":0,"88":0,"89":0,"90":0,"92":0,"93":0,"95":0,"96":0,"99":1,"100":0,"101":0,"102":0,"103":0,"105":0,"106":0,"107":0,"109":0,"111":0,"112":0,"114":0,"117":1,"118":0,"119":0,"120":0,"122":0,"123":0,"124":0,"126":0,"127":0,"128":0,"129":0,"130":0,"131":0,"132":0,"134":0,"135":0,"136":0,"138":0,"139":0,"142":0,"143":0,"147":0,"148":0,"150":0,"155":1,"156":0,"157":0,"158":0,"159":0,"161":0,"162":0,"166":1,"167":0,"168":0,"169":0,"170":0,"171":0,"173":0,"174":0,"175":0,"177":0,"182":1,"183":0,"184":0,"185":0,"186":0,"187":0,"188":0,"189":0,"191":0,"195":1,"196":0,"197":0,"198":0,"199":0,"201":0,"204":1,"205":0,"207":0,"208":0,"209":0,"210":0,"211":0,"212":0,"218":1,"219":0,"221":0,"222":0,"224":0,"225":0,"226":0,"227":0,"228":0,"229":0,"230":0,"232":0,"233":0,"234":0,"236":0,"237":0,"239":0,"240":0,"241":0,"243":0,"244":0,"246":0,"247":0,"249":0,"250":0,"251":0,"253":0,"254":0,"261":1,"262":0,"263":0,"264":0,"266":0,"267":0,"269":0,"270":0,"271":0,"272":0,"273":0,"274":0,"275":0,"276":0,"277":0,"278":0,"280":0,"283":0,"284":0,"286":0,"289":1,"293":1,"302":1,"311":1,"312":1,"313":0,"314":0,"315":0,"316":0,"319":1,"320":0,"321":0,"322":0,"323":0,"324":0,"325":0,"326":0,"327":0,"328":0,"329":0,"330":0,"331":0,"333":0,"334":0,"337":0,"338":0,"340":0,"341":0,"342":0,"347":1,"348":0,"350":0,"351":0,"353":0,"354":0,"355":0,"356":0,"357":0,"358":0,"359":0,"360":0,"364":0,"365":0,"366":0,"367":0,"369":0,"370":0,"371":0,"372":0,"373":0,"374":0,"375":0,"376":0,"377":0,"378":0,"379":0,"380":0,"381":0,"382":0,"383":0,"385":0,"386":0,"388":0,"389":0,"390":0,"394":0,"395":0,"396":0,"397":0,"398":0,"399":0,"400":0,"402":0,"405":0,"406":0,"410":1,"411":0,"412":0,"413":0,"415":0,"416":0,"418":0,"419":0,"420":0,"421":0,"422":0,"423":0,"424":0,"425":0,"430":0,"436":0,"437":0,"440":0,"441":0,"445":1,"446":0,"447":0,"450":1,"451":0,"453":0,"454":0,"455":0,"456":0,"457":0,"459":0,"460":0,"461":0,"462":0,"463":0,"469":0,"472":0,"476":1,"477":0,"478":0,"479":0,"480":0,"481":0,"483":0,"484":0,"485":0,"486":0,"488":0,"491":1,"492":0,"493":0,"494":0,"499":0,"500":0,"509":1,"510":0,"511":0,"512":0,"517":0,"518":0,"526":1,"530":1,"531":1,"532":0,"535":1,"536":0,"537":0,"538":0,"540":0,"541":0,"542":0,"544":0,"548":1,"549":0,"550":0,"552":0,"556":1,"557":0,"558":0,"562":1,"563":0,"564":0,"568":1,"572":1,"573":1,"575":1,"576":0,"577":0,"580":1,"581":0,"582":0,"584":0,"585":0,"587":0,"588":0,"590":0,"594":1,"595":0,"596":0,"598":0,"599":0,"601":0,"602":0,"604":0,"608":1,"609":0,"610":0,"611":0,"612":0,"615":1,"619":1,"620":1,"622":1,"623":0,"624":0,"627":1,"628":0,"629":0,"631":0,"632":0,"634":0,"635":0,"637":0,"641":1,"642":0,"643":0,"645":0,"646":0,"648":0,"649":0,"651":0,"655":1,"659":1,"661":1,"663":1,"665":1,"667":1,"668":0,"669":0,"671":0,"672":0,"674":0,"675":0,"677":0,"678":0,"682":1,"683":1,"684":1,"685":1,"686":0,"687":0,"689":0,"690":0,"691":0,"693":0,"694":0,"695":0,"697":0,"698":0,"700":0,"701":0,"703":0,"709":1,"710":0,"711":0,"713":0,"714":0,"715":0,"717":0,"718":0,"719":0,"720":0,"722":0,"723":0,"724":0,"726":0,"727":0,"728":0,"734":1,"735":0,"736":0,"737":0,"739":0,"740":0,"741":0,"742":0,"744":0,"745":0,"746":0}},"/home/travis/build/npmtest/node-npmtest-html2jade/node_modules/html2jade/cli.js":{"path":"/home/travis/build/npmtest/node-npmtest-html2jade/node_modules/html2jade/cli.js","s":{"1":1,"2":1,"3":1,"4":1,"5":1,"6":1,"7":1,"8":0,"9":1,"10":0,"11":0,"12":0,"13":0,"14":0,"15":0,"16":0,"17":1,"18":0,"19":0,"20":0,"21":0,"22":0,"23":0,"24":0,"25":1,"26":1,"27":1,"28":1,"29":1,"30":0,"31":0,"32":1,"33":1,"34":1,"35":1,"36":1,"37":1,"38":1,"39":1,"40":1,"41":0,"42":1,"43":0,"44":0,"45":1,"46":0,"47":0,"48":0,"49":0,"50":0,"51":0,"52":0,"53":0,"54":0,"55":0,"56":0,"57":0,"58":0,"59":0,"60":0,"61":0},"b":{"1":[1,0],"2":[0,0],"3":[0,0],"4":[0,0],"5":[0,0],"6":[0,0],"7":[0,0],"8":[0,1],"9":[1,0],"10":[1,0],"11":[1,1],"12":[1,0],"13":[0,0],"14":[0,0],"15":[0,0],"16":[0,0],"17":[0,0],"18":[0,0],"19":[0,0]},"f":{"1":0,"2":0,"3":0,"4":0},"fnMap":{"1":{"name":"parsePath","line":16,"loc":{"start":{"line":16,"column":0},"end":{"line":16,"column":24}}},"2":{"name":"convert","line":31,"loc":{"start":{"line":31,"column":0},"end":{"line":31,"column":41}}},"3":{"name":"(anonymous_3)","line":85,"loc":{"start":{"line":85,"column":29},"end":{"line":85,"column":45}}},"4":{"name":"(anonymous_4)","line":88,"loc":{"start":{"line":88,"column":28},"end":{"line":88,"column":39}}}},"statementMap":{"1":{"start":{"line":3,"column":0},"end":{"line":3,"column":23}},"2":{"start":{"line":4,"column":0},"end":{"line":4,"column":27}},"3":{"start":{"line":5,"column":0},"end":{"line":5,"column":25}},"4":{"start":{"line":7,"column":0},"end":{"line":7,"column":50}},"5":{"start":{"line":9,"column":0},"end":{"line":9,"column":14}},"6":{"start":{"line":10,"column":0},"end":{"line":14,"column":1}},"7":{"start":{"line":11,"column":4},"end":{"line":11,"column":37}},"8":{"start":{"line":13,"column":4},"end":{"line":13,"column":43}},"9":{"start":{"line":16,"column":0},"end":{"line":29,"column":1}},"10":{"start":{"line":17,"column":2},"end":{"line":28,"column":3}},"11":{"start":{"line":18,"column":4},"end":{"line":18,"column":43}},"12":{"start":{"line":19,"column":9},"end":{"line":28,"column":3}},"13":{"start":{"line":21,"column":4},"end":{"line":21,"column":15}},"14":{"start":{"line":22,"column":9},"end":{"line":28,"column":3}},"15":{"start":{"line":24,"column":4},"end":{"line":24,"column":60}},"16":{"start":{"line":27,"column":4},"end":{"line":27,"column":41}},"17":{"start":{"line":31,"column":0},"end":{"line":44,"column":1}},"18":{"start":{"line":32,"column":2},"end":{"line":43,"column":3}},"19":{"start":{"line":33,"column":4},"end":{"line":40,"column":5}},"20":{"start":{"line":34,"column":6},"end":{"line":34,"column":61}},"21":{"start":{"line":35,"column":6},"end":{"line":37,"column":7}},"22":{"start":{"line":36,"column":8},"end":{"line":36,"column":50}},"23":{"start":{"line":39,"column":6},"end":{"line":39,"column":25}},"24":{"start":{"line":42,"column":4},"end":{"line":42,"column":45}},"25":{"start":{"line":46,"column":0},"end":{"line":46,"column":35}},"26":{"start":{"line":47,"column":0},"end":{"line":47,"column":43}},"27":{"start":{"line":49,"column":0},"end":{"line":60,"column":83}},"28":{"start":{"line":62,"column":0},"end":{"line":62,"column":28}},"29":{"start":{"line":65,"column":0},"end":{"line":68,"column":1}},"30":{"start":{"line":66,"column":2},"end":{"line":66,"column":75}},"31":{"start":{"line":67,"column":2},"end":{"line":67,"column":18}},"32":{"start":{"line":71,"column":0},"end":{"line":71,"column":24}},"33":{"start":{"line":72,"column":0},"end":{"line":76,"column":1}},"34":{"start":{"line":73,"column":2},"end":{"line":73,"column":15}},"35":{"start":{"line":78,"column":0},"end":{"line":122,"column":1}},"36":{"start":{"line":79,"column":2},"end":{"line":79,"column":41}},"37":{"start":{"line":82,"column":2},"end":{"line":93,"column":3}},"38":{"start":{"line":83,"column":4},"end":{"line":83,"column":19}},"39":{"start":{"line":84,"column":4},"end":{"line":84,"column":27}},"40":{"start":{"line":85,"column":4},"end":{"line":87,"column":7}},"41":{"start":{"line":86,"column":6},"end":{"line":86,"column":21}},"42":{"start":{"line":88,"column":4},"end":{"line":91,"column":7}},"43":{"start":{"line":89,"column":6},"end":{"line":89,"column":33}},"44":{"start":{"line":90,"column":6},"end":{"line":90,"column":41}},"45":{"start":{"line":92,"column":4},"end":{"line":92,"column":13}},"46":{"start":{"line":95,"column":2},"end":{"line":97,"column":3}},"47":{"start":{"line":96,"column":4},"end":{"line":96,"column":53}},"48":{"start":{"line":96,"column":10},"end":{"line":96,"column":36}},"49":{"start":{"line":98,"column":2},"end":{"line":121,"column":3}},"50":{"start":{"line":100,"column":4},"end":{"line":100,"column":30}},"51":{"start":{"line":101,"column":4},"end":{"line":101,"column":37}},"52":{"start":{"line":104,"column":4},"end":{"line":104,"column":31}},"53":{"start":{"line":105,"column":4},"end":{"line":120,"column":5}},"54":{"start":{"line":106,"column":6},"end":{"line":106,"column":46}},"55":{"start":{"line":107,"column":6},"end":{"line":117,"column":7}},"56":{"start":{"line":108,"column":8},"end":{"line":108,"column":57}},"57":{"start":{"line":109,"column":8},"end":{"line":109,"column":104}},"58":{"start":{"line":111,"column":8},"end":{"line":114,"column":11}},"59":{"start":{"line":115,"column":8},"end":{"line":115,"column":35}},"60":{"start":{"line":116,"column":8},"end":{"line":116,"column":78}},"61":{"start":{"line":119,"column":6},"end":{"line":119,"column":56}}},"branchMap":{"1":{"line":7,"type":"binary-expr","locations":[{"start":{"line":7,"column":17},"end":{"line":7,"column":30}},{"start":{"line":7,"column":34},"end":{"line":7,"column":49}}]},"2":{"line":17,"type":"if","locations":[{"start":{"line":17,"column":2},"end":{"line":17,"column":2}},{"start":{"line":17,"column":2},"end":{"line":17,"column":2}}]},"3":{"line":19,"type":"if","locations":[{"start":{"line":19,"column":9},"end":{"line":19,"column":9}},{"start":{"line":19,"column":9},"end":{"line":19,"column":9}}]},"4":{"line":22,"type":"if","locations":[{"start":{"line":22,"column":9},"end":{"line":22,"column":9}},{"start":{"line":22,"column":9},"end":{"line":22,"column":9}}]},"5":{"line":22,"type":"binary-expr","locations":[{"start":{"line":22,"column":13},"end":{"line":22,"column":28}},{"start":{"line":22,"column":32},"end":{"line":22,"column":60}}]},"6":{"line":32,"type":"if","locations":[{"start":{"line":32,"column":2},"end":{"line":32,"column":2}},{"start":{"line":32,"column":2},"end":{"line":32,"column":2}}]},"7":{"line":35,"type":"if","locations":[{"start":{"line":35,"column":6},"end":{"line":35,"column":6}},{"start":{"line":35,"column":6},"end":{"line":35,"column":6}}]},"8":{"line":65,"type":"if","locations":[{"start":{"line":65,"column":0},"end":{"line":65,"column":0}},{"start":{"line":65,"column":0},"end":{"line":65,"column":0}}]},"9":{"line":65,"type":"binary-expr","locations":[{"start":{"line":65,"column":4},"end":{"line":65,"column":18}},{"start":{"line":65,"column":22},"end":{"line":65,"column":49}}]},"10":{"line":72,"type":"if","locations":[{"start":{"line":72,"column":0},"end":{"line":72,"column":0}},{"start":{"line":72,"column":0},"end":{"line":72,"column":0}}]},"11":{"line":72,"type":"binary-expr","locations":[{"start":{"line":72,"column":4},"end":{"line":72,"column":9}},{"start":{"line":72,"column":13},"end":{"line":72,"column":30}}]},"12":{"line":82,"type":"if","locations":[{"start":{"line":82,"column":2},"end":{"line":82,"column":2}},{"start":{"line":82,"column":2},"end":{"line":82,"column":2}}]},"13":{"line":95,"type":"if","locations":[{"start":{"line":95,"column":2},"end":{"line":95,"column":2}},{"start":{"line":95,"column":2},"end":{"line":95,"column":2}}]},"14":{"line":95,"type":"binary-expr","locations":[{"start":{"line":95,"column":6},"end":{"line":95,"column":29}},{"start":{"line":95,"column":33},"end":{"line":95,"column":49}}]},"15":{"line":98,"type":"if","locations":[{"start":{"line":98,"column":2},"end":{"line":98,"column":2}},{"start":{"line":98,"column":2},"end":{"line":98,"column":2}}]},"16":{"line":98,"type":"binary-expr","locations":[{"start":{"line":98,"column":6},"end":{"line":98,"column":14}},{"start":{"line":98,"column":18},"end":{"line":98,"column":35}}]},"17":{"line":105,"type":"if","locations":[{"start":{"line":105,"column":4},"end":{"line":105,"column":4}},{"start":{"line":105,"column":4},"end":{"line":105,"column":4}}]},"18":{"line":107,"type":"if","locations":[{"start":{"line":107,"column":6},"end":{"line":107,"column":6}},{"start":{"line":107,"column":6},"end":{"line":107,"column":6}}]},"19":{"line":108,"type":"binary-expr","locations":[{"start":{"line":108,"column":21},"end":{"line":108,"column":35}},{"start":{"line":108,"column":39},"end":{"line":108,"column":56}}]}},"code":["//#!/usr/bin/env node","","var fs = require('fs');","var path = require('path');","var url = require('url');","","var existsSync = fs.existsSync || path.existsSync;","","var html2jade;","try {","    html2jade = require('html2jade');","} catch(err) {","    html2jade = require('./lib/html2jade');","}","","function parsePath(arg) {","  if (typeof arg !== 'string') {","    console.error('invalid input: ' + arg);","  } else if (path.resolve('/',arg) === arg) {","    // already absolute path","    return arg;","  } else if (arg.length >= 2 && arg.substring(0, 2) === '~/') {","    // home path","    return path.join(process.env['HOME'], arg.substring(2));","  } else {","    // relative to current path","    return path.join(process.cwd(), arg);","  }","}","","function convert(input, output, options) {","  if (input) {","    try {","      var errors = html2jade.convert(input, output, options);","      if (errors) {","        console.error('parser errors: ' + errors);","      }","    } catch (err) {","      console.error(err);","    }","  } else {","    console.error('invalid input: ' + input);","  }","}","","var program = require('commander');","var version = require('./package').version;","","program","  .version(version)","  .option('-d, --double', 'use double quotes for attributes')","  .option('-s, --scalate', 'generate jade syntax compatible with Scalate')","  .option('-t, --tabs', 'use tabs instead of spaces')","  .option('-o, --outdir <dir>', 'path to output generated jade file(s) to', parsePath)","  .option('-n, --nspaces <n>', 'the number of spaces to indent generated files with', parseInt)","  .option('--donotencode', 'do not html encode characters (useful for templates)')","  .option('--bodyless', 'do not output enveloping html and body tags')","  .option('--numeric', 'use numeric character entities')","  .option('--noattrcomma', 'omit attribute separating commas')","  .option('--noemptypipe', 'omit lines with only pipe (\\'|\\') printable character')","","program.parse(process.argv);","","// if outdir is provided, check existance (sorry no mkdir support yet)","if (program.outdir && !existsSync(program.outdir)) {","  console.error(\"output directory '\" + program.outdir + \"' doesn't exist\");","  process.exit(1);","}","","// process each arguments","var args = program.args;","if (!args || args.length === 0) {","  args = ['-'];","  // console.error(\"input argument(s) missing\");","  // process.exit(1);","}","","for (var i = 0; i < args.length; i++) {","  var arg = args[i], inputUrl, inputPath;","","  // handle stdin to stdout","  if (arg === '-') {","    var input = '';","    process.stdin.resume();","    process.stdin.on('data', function (chunk){","      input += chunk;","    });","    process.stdin.on('end', function (){","      program.inputType = \"html\";","      convert(input, undefined, program);","    });","    continue;","  }","","  if (typeof arg === 'string' && !existsSync(arg)) {","    try { inputUrl = url.parse(arg); } catch (err) {}","  }","  if (inputUrl && inputUrl.protocol) {","    // URL input, use stdout","    program.inputType = \"url\";","    convert(arg, undefined, program);","  } else {","    // path or glob","    inputPath = parsePath(arg);","    if (existsSync(inputPath)) {","      var inputStats = fs.statSync(inputPath);","      if (inputStats.isFile()) {","        var outdir = program.outdir || path.dirname(arg);","        var outputPath = path.join(outdir, path.basename(inputPath, path.extname(inputPath)) + '.jade');","        // console.log(\"converting '\" + arg + \"' to '\" + outputPath + \"'\");","        var outputStream = fs.createWriteStream(outputPath, {","          flags: 'w',","          encoding: 'utf8',","        });","        program.inputType = \"file\";","        convert(inputPath, new html2jade.StreamOutput(outputStream), program);","      }","    } else {","      console.error(\"input file doesn't exist: \" + arg);","    }","  }","}",""],"l":{"3":1,"4":1,"5":1,"7":1,"9":1,"10":1,"11":1,"13":0,"16":1,"17":0,"18":0,"19":0,"21":0,"22":0,"24":0,"27":0,"31":1,"32":0,"33":0,"34":0,"35":0,"36":0,"39":0,"42":0,"46":1,"47":1,"49":1,"62":1,"65":1,"66":0,"67":0,"71":1,"72":1,"73":1,"78":1,"79":1,"82":1,"83":1,"84":1,"85":1,"86":0,"88":1,"89":0,"90":0,"92":1,"95":0,"96":0,"98":0,"100":0,"101":0,"104":0,"105":0,"106":0,"107":0,"108":0,"109":0,"111":0,"115":0,"116":0,"119":0}}}